[2024-04-24 05:50:16,261] {processor.py:153} INFO - Started process (PID=619) to work on /home/project/airflow/dags/finalassignment/staging/ETL_toll_data.py
[2024-04-24 05:50:16,262] {processor.py:641} INFO - Processing file /home/project/airflow/dags/finalassignment/staging/ETL_toll_data.py for tasks to queue
[2024-04-24 05:50:16,263] {logging_mixin.py:115} INFO - [2024-04-24 05:50:16,263] {dagbag.py:508} INFO - Filling up the DagBag from /home/project/airflow/dags/finalassignment/staging/ETL_toll_data.py
[2024-04-24 05:50:16,273] {logging_mixin.py:115} INFO - [2024-04-24 05:50:16,272] {dagbag.py:321} ERROR - Failed to import: /home/project/airflow/dags/finalassignment/staging/ETL_toll_data.py
Traceback (most recent call last):
  File "/home/airflow/.local/lib/python3.7/site-packages/airflow/models/dagbag.py", line 318, in parse
    loader.exec_module(new_module)
  File "<frozen importlib._bootstrap_external>", line 728, in exec_module
  File "<frozen importlib._bootstrap>", line 219, in _call_with_frames_removed
  File "/home/project/airflow/dags/finalassignment/staging/ETL_toll_data.py", line 59, in <module>
    dag=dag,
  File "/home/airflow/.local/lib/python3.7/site-packages/airflow/models/baseoperator.py", line 390, in apply_defaults
    result = func(self, **kwargs, default_args=default_args)
  File "/home/airflow/.local/lib/python3.7/site-packages/airflow/operators/bash.py", line 144, in __init__
    super().__init__(**kwargs)
  File "/home/airflow/.local/lib/python3.7/site-packages/airflow/models/baseoperator.py", line 390, in apply_defaults
    result = func(self, **kwargs, default_args=default_args)
  File "/home/airflow/.local/lib/python3.7/site-packages/airflow/models/baseoperator.py", line 764, in __init__
    task_group.add(self)
  File "/home/airflow/.local/lib/python3.7/site-packages/airflow/utils/task_group.py", line 210, in add
    raise DuplicateTaskIdFound(f"{node_type} id '{key}' has already been added to the DAG")
airflow.exceptions.DuplicateTaskIdFound: Task id 'extract_data_from_tsv' has already been added to the DAG
[2024-04-24 05:50:16,274] {processor.py:653} WARNING - No viable dags retrieved from /home/project/airflow/dags/finalassignment/staging/ETL_toll_data.py
[2024-04-24 05:50:16,307] {processor.py:161} INFO - Processing /home/project/airflow/dags/finalassignment/staging/ETL_toll_data.py took 0.050 seconds
[2024-04-24 05:50:46,760] {processor.py:153} INFO - Started process (PID=681) to work on /home/project/airflow/dags/finalassignment/staging/ETL_toll_data.py
[2024-04-24 05:50:46,761] {processor.py:641} INFO - Processing file /home/project/airflow/dags/finalassignment/staging/ETL_toll_data.py for tasks to queue
[2024-04-24 05:50:46,761] {logging_mixin.py:115} INFO - [2024-04-24 05:50:46,761] {dagbag.py:508} INFO - Filling up the DagBag from /home/project/airflow/dags/finalassignment/staging/ETL_toll_data.py
[2024-04-24 05:50:46,770] {logging_mixin.py:115} INFO - [2024-04-24 05:50:46,769] {dagbag.py:321} ERROR - Failed to import: /home/project/airflow/dags/finalassignment/staging/ETL_toll_data.py
Traceback (most recent call last):
  File "/home/airflow/.local/lib/python3.7/site-packages/airflow/models/dagbag.py", line 318, in parse
    loader.exec_module(new_module)
  File "<frozen importlib._bootstrap_external>", line 728, in exec_module
  File "<frozen importlib._bootstrap>", line 219, in _call_with_frames_removed
  File "/home/project/airflow/dags/finalassignment/staging/ETL_toll_data.py", line 59, in <module>
    dag=dag,
  File "/home/airflow/.local/lib/python3.7/site-packages/airflow/models/baseoperator.py", line 390, in apply_defaults
    result = func(self, **kwargs, default_args=default_args)
  File "/home/airflow/.local/lib/python3.7/site-packages/airflow/operators/bash.py", line 144, in __init__
    super().__init__(**kwargs)
  File "/home/airflow/.local/lib/python3.7/site-packages/airflow/models/baseoperator.py", line 390, in apply_defaults
    result = func(self, **kwargs, default_args=default_args)
  File "/home/airflow/.local/lib/python3.7/site-packages/airflow/models/baseoperator.py", line 764, in __init__
    task_group.add(self)
  File "/home/airflow/.local/lib/python3.7/site-packages/airflow/utils/task_group.py", line 210, in add
    raise DuplicateTaskIdFound(f"{node_type} id '{key}' has already been added to the DAG")
airflow.exceptions.DuplicateTaskIdFound: Task id 'extract_data_from_tsv' has already been added to the DAG
[2024-04-24 05:50:46,771] {processor.py:653} WARNING - No viable dags retrieved from /home/project/airflow/dags/finalassignment/staging/ETL_toll_data.py
[2024-04-24 05:50:46,803] {processor.py:161} INFO - Processing /home/project/airflow/dags/finalassignment/staging/ETL_toll_data.py took 0.048 seconds
[2024-04-24 05:51:17,258] {processor.py:153} INFO - Started process (PID=743) to work on /home/project/airflow/dags/finalassignment/staging/ETL_toll_data.py
[2024-04-24 05:51:17,259] {processor.py:641} INFO - Processing file /home/project/airflow/dags/finalassignment/staging/ETL_toll_data.py for tasks to queue
[2024-04-24 05:51:17,260] {logging_mixin.py:115} INFO - [2024-04-24 05:51:17,260] {dagbag.py:508} INFO - Filling up the DagBag from /home/project/airflow/dags/finalassignment/staging/ETL_toll_data.py
[2024-04-24 05:51:17,271] {logging_mixin.py:115} INFO - [2024-04-24 05:51:17,269] {dagbag.py:321} ERROR - Failed to import: /home/project/airflow/dags/finalassignment/staging/ETL_toll_data.py
Traceback (most recent call last):
  File "/home/airflow/.local/lib/python3.7/site-packages/airflow/models/dagbag.py", line 318, in parse
    loader.exec_module(new_module)
  File "<frozen importlib._bootstrap_external>", line 728, in exec_module
  File "<frozen importlib._bootstrap>", line 219, in _call_with_frames_removed
  File "/home/project/airflow/dags/finalassignment/staging/ETL_toll_data.py", line 59, in <module>
    dag=dag,
  File "/home/airflow/.local/lib/python3.7/site-packages/airflow/models/baseoperator.py", line 390, in apply_defaults
    result = func(self, **kwargs, default_args=default_args)
  File "/home/airflow/.local/lib/python3.7/site-packages/airflow/operators/bash.py", line 144, in __init__
    super().__init__(**kwargs)
  File "/home/airflow/.local/lib/python3.7/site-packages/airflow/models/baseoperator.py", line 390, in apply_defaults
    result = func(self, **kwargs, default_args=default_args)
  File "/home/airflow/.local/lib/python3.7/site-packages/airflow/models/baseoperator.py", line 764, in __init__
    task_group.add(self)
  File "/home/airflow/.local/lib/python3.7/site-packages/airflow/utils/task_group.py", line 210, in add
    raise DuplicateTaskIdFound(f"{node_type} id '{key}' has already been added to the DAG")
airflow.exceptions.DuplicateTaskIdFound: Task id 'extract_data_from_tsv' has already been added to the DAG
[2024-04-24 05:51:17,272] {processor.py:653} WARNING - No viable dags retrieved from /home/project/airflow/dags/finalassignment/staging/ETL_toll_data.py
[2024-04-24 05:51:17,306] {processor.py:161} INFO - Processing /home/project/airflow/dags/finalassignment/staging/ETL_toll_data.py took 0.055 seconds
[2024-04-24 05:51:21,467] {processor.py:153} INFO - Started process (PID=744) to work on /home/project/airflow/dags/finalassignment/staging/ETL_toll_data.py
[2024-04-24 05:51:21,468] {processor.py:641} INFO - Processing file /home/project/airflow/dags/finalassignment/staging/ETL_toll_data.py for tasks to queue
[2024-04-24 05:51:21,469] {logging_mixin.py:115} INFO - [2024-04-24 05:51:21,469] {dagbag.py:508} INFO - Filling up the DagBag from /home/project/airflow/dags/finalassignment/staging/ETL_toll_data.py
[2024-04-24 05:51:22,717] {processor.py:651} INFO - DAG(s) dict_keys(['ETL_toll_data']) retrieved from /home/project/airflow/dags/finalassignment/staging/ETL_toll_data.py
[2024-04-24 05:51:24,477] {logging_mixin.py:115} INFO - [2024-04-24 05:51:24,476] {manager.py:508} INFO - Created Permission View: can delete on DAG:ETL_toll_data
[2024-04-24 05:51:25,179] {logging_mixin.py:115} INFO - [2024-04-24 05:51:25,179] {manager.py:508} INFO - Created Permission View: can edit on DAG:ETL_toll_data
[2024-04-24 05:51:26,462] {logging_mixin.py:115} INFO - [2024-04-24 05:51:26,462] {manager.py:508} INFO - Created Permission View: can read on DAG:ETL_toll_data
[2024-04-24 05:51:26,462] {logging_mixin.py:115} INFO - [2024-04-24 05:51:26,462] {dag.py:2420} INFO - Sync 1 DAGs
[2024-04-24 05:51:26,478] {logging_mixin.py:115} INFO - [2024-04-24 05:51:26,478] {dag.py:2439} INFO - Creating ORM DAG for ETL_toll_data
[2024-04-24 05:51:26,495] {logging_mixin.py:115} INFO - [2024-04-24 05:51:26,495] {dag.py:2972} INFO - Setting next_dagrun for ETL_toll_data to 2024-04-24T00:00:00+00:00, run_after=2024-04-25T00:00:00+00:00
[2024-04-24 05:51:27,952] {processor.py:161} INFO - Processing /home/project/airflow/dags/finalassignment/staging/ETL_toll_data.py took 6.489 seconds
[2024-04-24 05:51:58,072] {processor.py:153} INFO - Started process (PID=807) to work on /home/project/airflow/dags/finalassignment/staging/ETL_toll_data.py
[2024-04-24 05:51:58,073] {processor.py:641} INFO - Processing file /home/project/airflow/dags/finalassignment/staging/ETL_toll_data.py for tasks to queue
[2024-04-24 05:51:58,073] {logging_mixin.py:115} INFO - [2024-04-24 05:51:58,073] {dagbag.py:508} INFO - Filling up the DagBag from /home/project/airflow/dags/finalassignment/staging/ETL_toll_data.py
[2024-04-24 05:51:58,083] {processor.py:651} INFO - DAG(s) dict_keys(['ETL_toll_data']) retrieved from /home/project/airflow/dags/finalassignment/staging/ETL_toll_data.py
[2024-04-24 05:51:58,125] {logging_mixin.py:115} INFO - [2024-04-24 05:51:58,125] {dag.py:2420} INFO - Sync 1 DAGs
[2024-04-24 05:51:58,157] {logging_mixin.py:115} INFO - [2024-04-24 05:51:58,157] {dag.py:2972} INFO - Setting next_dagrun for ETL_toll_data to 2024-04-24T00:00:00+00:00, run_after=2024-04-25T00:00:00+00:00
[2024-04-24 05:51:58,177] {processor.py:161} INFO - Processing /home/project/airflow/dags/finalassignment/staging/ETL_toll_data.py took 0.110 seconds
[2024-04-24 05:52:28,285] {processor.py:153} INFO - Started process (PID=860) to work on /home/project/airflow/dags/finalassignment/staging/ETL_toll_data.py
[2024-04-24 05:52:28,286] {processor.py:641} INFO - Processing file /home/project/airflow/dags/finalassignment/staging/ETL_toll_data.py for tasks to queue
[2024-04-24 05:52:28,286] {logging_mixin.py:115} INFO - [2024-04-24 05:52:28,286] {dagbag.py:508} INFO - Filling up the DagBag from /home/project/airflow/dags/finalassignment/staging/ETL_toll_data.py
[2024-04-24 05:52:28,297] {processor.py:651} INFO - DAG(s) dict_keys(['ETL_toll_data']) retrieved from /home/project/airflow/dags/finalassignment/staging/ETL_toll_data.py
[2024-04-24 05:52:28,345] {logging_mixin.py:115} INFO - [2024-04-24 05:52:28,345] {dag.py:2420} INFO - Sync 1 DAGs
[2024-04-24 05:52:28,378] {logging_mixin.py:115} INFO - [2024-04-24 05:52:28,378] {dag.py:2972} INFO - Setting next_dagrun for ETL_toll_data to 2024-04-24T00:00:00+00:00, run_after=2024-04-25T00:00:00+00:00
[2024-04-24 05:52:28,394] {processor.py:161} INFO - Processing /home/project/airflow/dags/finalassignment/staging/ETL_toll_data.py took 0.115 seconds
[2024-04-24 05:52:59,124] {processor.py:153} INFO - Started process (PID=922) to work on /home/project/airflow/dags/finalassignment/staging/ETL_toll_data.py
[2024-04-24 05:52:59,125] {processor.py:641} INFO - Processing file /home/project/airflow/dags/finalassignment/staging/ETL_toll_data.py for tasks to queue
[2024-04-24 05:52:59,125] {logging_mixin.py:115} INFO - [2024-04-24 05:52:59,125] {dagbag.py:508} INFO - Filling up the DagBag from /home/project/airflow/dags/finalassignment/staging/ETL_toll_data.py
[2024-04-24 05:52:59,134] {processor.py:651} INFO - DAG(s) dict_keys(['ETL_toll_data']) retrieved from /home/project/airflow/dags/finalassignment/staging/ETL_toll_data.py
[2024-04-24 05:52:59,196] {logging_mixin.py:115} INFO - [2024-04-24 05:52:59,195] {dag.py:2420} INFO - Sync 1 DAGs
[2024-04-24 05:52:59,245] {logging_mixin.py:115} INFO - [2024-04-24 05:52:59,245] {dag.py:2972} INFO - Setting next_dagrun for ETL_toll_data to 2024-04-24T00:00:00+00:00, run_after=2024-04-25T00:00:00+00:00
[2024-04-24 05:52:59,268] {processor.py:161} INFO - Processing /home/project/airflow/dags/finalassignment/staging/ETL_toll_data.py took 0.149 seconds
[2024-04-24 05:53:29,411] {processor.py:153} INFO - Started process (PID=975) to work on /home/project/airflow/dags/finalassignment/staging/ETL_toll_data.py
[2024-04-24 05:53:29,412] {processor.py:641} INFO - Processing file /home/project/airflow/dags/finalassignment/staging/ETL_toll_data.py for tasks to queue
[2024-04-24 05:53:29,413] {logging_mixin.py:115} INFO - [2024-04-24 05:53:29,413] {dagbag.py:508} INFO - Filling up the DagBag from /home/project/airflow/dags/finalassignment/staging/ETL_toll_data.py
[2024-04-24 05:53:29,422] {processor.py:651} INFO - DAG(s) dict_keys(['ETL_toll_data']) retrieved from /home/project/airflow/dags/finalassignment/staging/ETL_toll_data.py
[2024-04-24 05:53:29,469] {logging_mixin.py:115} INFO - [2024-04-24 05:53:29,469] {dag.py:2420} INFO - Sync 1 DAGs
[2024-04-24 05:53:29,506] {logging_mixin.py:115} INFO - [2024-04-24 05:53:29,506] {dag.py:2972} INFO - Setting next_dagrun for ETL_toll_data to 2024-04-24T00:00:00+00:00, run_after=2024-04-25T00:00:00+00:00
[2024-04-24 05:53:29,522] {processor.py:161} INFO - Processing /home/project/airflow/dags/finalassignment/staging/ETL_toll_data.py took 0.116 seconds
[2024-04-24 05:53:59,594] {processor.py:153} INFO - Started process (PID=1037) to work on /home/project/airflow/dags/finalassignment/staging/ETL_toll_data.py
[2024-04-24 05:53:59,603] {processor.py:641} INFO - Processing file /home/project/airflow/dags/finalassignment/staging/ETL_toll_data.py for tasks to queue
[2024-04-24 05:53:59,604] {logging_mixin.py:115} INFO - [2024-04-24 05:53:59,604] {dagbag.py:508} INFO - Filling up the DagBag from /home/project/airflow/dags/finalassignment/staging/ETL_toll_data.py
[2024-04-24 05:53:59,612] {processor.py:651} INFO - DAG(s) dict_keys(['ETL_toll_data']) retrieved from /home/project/airflow/dags/finalassignment/staging/ETL_toll_data.py
[2024-04-24 05:53:59,688] {logging_mixin.py:115} INFO - [2024-04-24 05:53:59,688] {dag.py:2420} INFO - Sync 1 DAGs
[2024-04-24 05:53:59,751] {logging_mixin.py:115} INFO - [2024-04-24 05:53:59,751] {dag.py:2972} INFO - Setting next_dagrun for ETL_toll_data to 2024-04-24T00:00:00+00:00, run_after=2024-04-25T00:00:00+00:00
[2024-04-24 05:53:59,774] {processor.py:161} INFO - Processing /home/project/airflow/dags/finalassignment/staging/ETL_toll_data.py took 0.185 seconds
[2024-04-24 05:54:30,120] {processor.py:153} INFO - Started process (PID=1089) to work on /home/project/airflow/dags/finalassignment/staging/ETL_toll_data.py
[2024-04-24 05:54:30,121] {processor.py:641} INFO - Processing file /home/project/airflow/dags/finalassignment/staging/ETL_toll_data.py for tasks to queue
[2024-04-24 05:54:30,122] {logging_mixin.py:115} INFO - [2024-04-24 05:54:30,122] {dagbag.py:508} INFO - Filling up the DagBag from /home/project/airflow/dags/finalassignment/staging/ETL_toll_data.py
[2024-04-24 05:54:30,131] {processor.py:651} INFO - DAG(s) dict_keys(['ETL_toll_data']) retrieved from /home/project/airflow/dags/finalassignment/staging/ETL_toll_data.py
[2024-04-24 05:54:30,176] {logging_mixin.py:115} INFO - [2024-04-24 05:54:30,176] {dag.py:2420} INFO - Sync 1 DAGs
[2024-04-24 05:54:30,212] {logging_mixin.py:115} INFO - [2024-04-24 05:54:30,212] {dag.py:2972} INFO - Setting next_dagrun for ETL_toll_data to 2024-04-24T00:00:00+00:00, run_after=2024-04-25T00:00:00+00:00
[2024-04-24 05:54:30,230] {processor.py:161} INFO - Processing /home/project/airflow/dags/finalassignment/staging/ETL_toll_data.py took 0.114 seconds
[2024-04-24 05:55:01,213] {processor.py:153} INFO - Started process (PID=1151) to work on /home/project/airflow/dags/finalassignment/staging/ETL_toll_data.py
[2024-04-24 05:55:01,214] {processor.py:641} INFO - Processing file /home/project/airflow/dags/finalassignment/staging/ETL_toll_data.py for tasks to queue
[2024-04-24 05:55:01,215] {logging_mixin.py:115} INFO - [2024-04-24 05:55:01,215] {dagbag.py:508} INFO - Filling up the DagBag from /home/project/airflow/dags/finalassignment/staging/ETL_toll_data.py
[2024-04-24 05:55:01,225] {processor.py:651} INFO - DAG(s) dict_keys(['ETL_toll_data']) retrieved from /home/project/airflow/dags/finalassignment/staging/ETL_toll_data.py
[2024-04-24 05:55:01,269] {logging_mixin.py:115} INFO - [2024-04-24 05:55:01,269] {dag.py:2420} INFO - Sync 1 DAGs
[2024-04-24 05:55:01,309] {logging_mixin.py:115} INFO - [2024-04-24 05:55:01,309] {dag.py:2972} INFO - Setting next_dagrun for ETL_toll_data to 2024-04-24T00:00:00+00:00, run_after=2024-04-25T00:00:00+00:00
[2024-04-24 05:55:01,326] {processor.py:161} INFO - Processing /home/project/airflow/dags/finalassignment/staging/ETL_toll_data.py took 0.118 seconds
[2024-04-24 05:55:31,984] {processor.py:153} INFO - Started process (PID=1213) to work on /home/project/airflow/dags/finalassignment/staging/ETL_toll_data.py
[2024-04-24 05:55:31,985] {processor.py:641} INFO - Processing file /home/project/airflow/dags/finalassignment/staging/ETL_toll_data.py for tasks to queue
[2024-04-24 05:55:31,986] {logging_mixin.py:115} INFO - [2024-04-24 05:55:31,986] {dagbag.py:508} INFO - Filling up the DagBag from /home/project/airflow/dags/finalassignment/staging/ETL_toll_data.py
[2024-04-24 05:55:32,008] {processor.py:651} INFO - DAG(s) dict_keys(['ETL_toll_data']) retrieved from /home/project/airflow/dags/finalassignment/staging/ETL_toll_data.py
[2024-04-24 05:55:32,073] {logging_mixin.py:115} INFO - [2024-04-24 05:55:32,073] {dag.py:2420} INFO - Sync 1 DAGs
[2024-04-24 05:55:32,145] {logging_mixin.py:115} INFO - [2024-04-24 05:55:32,145] {dag.py:2972} INFO - Setting next_dagrun for ETL_toll_data to 2024-04-24T00:00:00+00:00, run_after=2024-04-25T00:00:00+00:00
[2024-04-24 05:55:32,174] {processor.py:161} INFO - Processing /home/project/airflow/dags/finalassignment/staging/ETL_toll_data.py took 0.201 seconds
[2024-04-24 05:56:02,547] {processor.py:153} INFO - Started process (PID=1266) to work on /home/project/airflow/dags/finalassignment/staging/ETL_toll_data.py
[2024-04-24 05:56:02,548] {processor.py:641} INFO - Processing file /home/project/airflow/dags/finalassignment/staging/ETL_toll_data.py for tasks to queue
[2024-04-24 05:56:02,549] {logging_mixin.py:115} INFO - [2024-04-24 05:56:02,548] {dagbag.py:508} INFO - Filling up the DagBag from /home/project/airflow/dags/finalassignment/staging/ETL_toll_data.py
[2024-04-24 05:56:02,558] {processor.py:651} INFO - DAG(s) dict_keys(['ETL_toll_data']) retrieved from /home/project/airflow/dags/finalassignment/staging/ETL_toll_data.py
[2024-04-24 05:56:02,601] {logging_mixin.py:115} INFO - [2024-04-24 05:56:02,601] {dag.py:2420} INFO - Sync 1 DAGs
[2024-04-24 05:56:02,637] {logging_mixin.py:115} INFO - [2024-04-24 05:56:02,637] {dag.py:2972} INFO - Setting next_dagrun for ETL_toll_data to 2024-04-24T00:00:00+00:00, run_after=2024-04-25T00:00:00+00:00
[2024-04-24 05:56:02,652] {processor.py:161} INFO - Processing /home/project/airflow/dags/finalassignment/staging/ETL_toll_data.py took 0.111 seconds
[2024-04-24 05:56:32,717] {processor.py:153} INFO - Started process (PID=1328) to work on /home/project/airflow/dags/finalassignment/staging/ETL_toll_data.py
[2024-04-24 05:56:32,718] {processor.py:641} INFO - Processing file /home/project/airflow/dags/finalassignment/staging/ETL_toll_data.py for tasks to queue
[2024-04-24 05:56:32,719] {logging_mixin.py:115} INFO - [2024-04-24 05:56:32,719] {dagbag.py:508} INFO - Filling up the DagBag from /home/project/airflow/dags/finalassignment/staging/ETL_toll_data.py
[2024-04-24 05:56:32,730] {processor.py:651} INFO - DAG(s) dict_keys(['ETL_toll_data']) retrieved from /home/project/airflow/dags/finalassignment/staging/ETL_toll_data.py
[2024-04-24 05:56:32,796] {logging_mixin.py:115} INFO - [2024-04-24 05:56:32,796] {dag.py:2420} INFO - Sync 1 DAGs
[2024-04-24 05:56:32,840] {logging_mixin.py:115} INFO - [2024-04-24 05:56:32,840] {dag.py:2972} INFO - Setting next_dagrun for ETL_toll_data to 2024-04-24T00:00:00+00:00, run_after=2024-04-25T00:00:00+00:00
[2024-04-24 05:56:32,856] {processor.py:161} INFO - Processing /home/project/airflow/dags/finalassignment/staging/ETL_toll_data.py took 0.144 seconds
[2024-04-24 05:57:03,589] {processor.py:153} INFO - Started process (PID=1381) to work on /home/project/airflow/dags/finalassignment/staging/ETL_toll_data.py
[2024-04-24 05:57:03,590] {processor.py:641} INFO - Processing file /home/project/airflow/dags/finalassignment/staging/ETL_toll_data.py for tasks to queue
[2024-04-24 05:57:03,591] {logging_mixin.py:115} INFO - [2024-04-24 05:57:03,590] {dagbag.py:508} INFO - Filling up the DagBag from /home/project/airflow/dags/finalassignment/staging/ETL_toll_data.py
[2024-04-24 05:57:03,608] {processor.py:651} INFO - DAG(s) dict_keys(['ETL_toll_data']) retrieved from /home/project/airflow/dags/finalassignment/staging/ETL_toll_data.py
[2024-04-24 05:57:03,657] {logging_mixin.py:115} INFO - [2024-04-24 05:57:03,657] {dag.py:2420} INFO - Sync 1 DAGs
[2024-04-24 05:57:03,689] {logging_mixin.py:115} INFO - [2024-04-24 05:57:03,689] {dag.py:2972} INFO - Setting next_dagrun for ETL_toll_data to 2024-04-24T00:00:00+00:00, run_after=2024-04-25T00:00:00+00:00
[2024-04-24 05:57:03,706] {processor.py:161} INFO - Processing /home/project/airflow/dags/finalassignment/staging/ETL_toll_data.py took 0.122 seconds
[2024-04-24 05:57:34,252] {processor.py:153} INFO - Started process (PID=1443) to work on /home/project/airflow/dags/finalassignment/staging/ETL_toll_data.py
[2024-04-24 05:57:34,253] {processor.py:641} INFO - Processing file /home/project/airflow/dags/finalassignment/staging/ETL_toll_data.py for tasks to queue
[2024-04-24 05:57:34,253] {logging_mixin.py:115} INFO - [2024-04-24 05:57:34,253] {dagbag.py:508} INFO - Filling up the DagBag from /home/project/airflow/dags/finalassignment/staging/ETL_toll_data.py
[2024-04-24 05:57:34,263] {processor.py:651} INFO - DAG(s) dict_keys(['ETL_toll_data']) retrieved from /home/project/airflow/dags/finalassignment/staging/ETL_toll_data.py
[2024-04-24 05:57:34,330] {logging_mixin.py:115} INFO - [2024-04-24 05:57:34,330] {dag.py:2420} INFO - Sync 1 DAGs
[2024-04-24 05:57:34,378] {logging_mixin.py:115} INFO - [2024-04-24 05:57:34,378] {dag.py:2972} INFO - Setting next_dagrun for ETL_toll_data to 2024-04-24T00:00:00+00:00, run_after=2024-04-25T00:00:00+00:00
[2024-04-24 05:57:34,393] {processor.py:161} INFO - Processing /home/project/airflow/dags/finalassignment/staging/ETL_toll_data.py took 0.147 seconds
[2024-04-24 05:58:05,312] {processor.py:153} INFO - Started process (PID=1496) to work on /home/project/airflow/dags/finalassignment/staging/ETL_toll_data.py
[2024-04-24 05:58:05,313] {processor.py:641} INFO - Processing file /home/project/airflow/dags/finalassignment/staging/ETL_toll_data.py for tasks to queue
[2024-04-24 05:58:05,314] {logging_mixin.py:115} INFO - [2024-04-24 05:58:05,314] {dagbag.py:508} INFO - Filling up the DagBag from /home/project/airflow/dags/finalassignment/staging/ETL_toll_data.py
[2024-04-24 05:58:05,323] {processor.py:651} INFO - DAG(s) dict_keys(['ETL_toll_data']) retrieved from /home/project/airflow/dags/finalassignment/staging/ETL_toll_data.py
[2024-04-24 05:58:05,373] {logging_mixin.py:115} INFO - [2024-04-24 05:58:05,373] {dag.py:2420} INFO - Sync 1 DAGs
[2024-04-24 05:58:05,414] {logging_mixin.py:115} INFO - [2024-04-24 05:58:05,414] {dag.py:2972} INFO - Setting next_dagrun for ETL_toll_data to 2024-04-24T00:00:00+00:00, run_after=2024-04-25T00:00:00+00:00
[2024-04-24 05:58:05,464] {processor.py:161} INFO - Processing /home/project/airflow/dags/finalassignment/staging/ETL_toll_data.py took 0.157 seconds
[2024-04-24 05:58:35,744] {processor.py:153} INFO - Started process (PID=1558) to work on /home/project/airflow/dags/finalassignment/staging/ETL_toll_data.py
[2024-04-24 05:58:35,747] {processor.py:641} INFO - Processing file /home/project/airflow/dags/finalassignment/staging/ETL_toll_data.py for tasks to queue
[2024-04-24 05:58:35,748] {logging_mixin.py:115} INFO - [2024-04-24 05:58:35,748] {dagbag.py:508} INFO - Filling up the DagBag from /home/project/airflow/dags/finalassignment/staging/ETL_toll_data.py
[2024-04-24 05:58:35,764] {processor.py:651} INFO - DAG(s) dict_keys(['ETL_toll_data']) retrieved from /home/project/airflow/dags/finalassignment/staging/ETL_toll_data.py
[2024-04-24 05:58:35,811] {logging_mixin.py:115} INFO - [2024-04-24 05:58:35,811] {dag.py:2420} INFO - Sync 1 DAGs
[2024-04-24 05:58:35,846] {logging_mixin.py:115} INFO - [2024-04-24 05:58:35,846] {dag.py:2972} INFO - Setting next_dagrun for ETL_toll_data to 2024-04-24T00:00:00+00:00, run_after=2024-04-25T00:00:00+00:00
[2024-04-24 05:58:35,864] {processor.py:161} INFO - Processing /home/project/airflow/dags/finalassignment/staging/ETL_toll_data.py took 0.126 seconds
[2024-04-24 05:59:06,692] {processor.py:153} INFO - Started process (PID=1620) to work on /home/project/airflow/dags/finalassignment/staging/ETL_toll_data.py
[2024-04-24 05:59:06,693] {processor.py:641} INFO - Processing file /home/project/airflow/dags/finalassignment/staging/ETL_toll_data.py for tasks to queue
[2024-04-24 05:59:06,694] {logging_mixin.py:115} INFO - [2024-04-24 05:59:06,694] {dagbag.py:508} INFO - Filling up the DagBag from /home/project/airflow/dags/finalassignment/staging/ETL_toll_data.py
[2024-04-24 05:59:06,703] {processor.py:651} INFO - DAG(s) dict_keys(['ETL_toll_data']) retrieved from /home/project/airflow/dags/finalassignment/staging/ETL_toll_data.py
[2024-04-24 05:59:06,748] {logging_mixin.py:115} INFO - [2024-04-24 05:59:06,748] {dag.py:2420} INFO - Sync 1 DAGs
[2024-04-24 05:59:06,784] {logging_mixin.py:115} INFO - [2024-04-24 05:59:06,784] {dag.py:2972} INFO - Setting next_dagrun for ETL_toll_data to 2024-04-24T00:00:00+00:00, run_after=2024-04-25T00:00:00+00:00
[2024-04-24 05:59:06,808] {processor.py:161} INFO - Processing /home/project/airflow/dags/finalassignment/staging/ETL_toll_data.py took 0.121 seconds
[2024-04-24 05:59:37,203] {processor.py:153} INFO - Started process (PID=1673) to work on /home/project/airflow/dags/finalassignment/staging/ETL_toll_data.py
[2024-04-24 05:59:37,204] {processor.py:641} INFO - Processing file /home/project/airflow/dags/finalassignment/staging/ETL_toll_data.py for tasks to queue
[2024-04-24 05:59:37,204] {logging_mixin.py:115} INFO - [2024-04-24 05:59:37,204] {dagbag.py:508} INFO - Filling up the DagBag from /home/project/airflow/dags/finalassignment/staging/ETL_toll_data.py
[2024-04-24 05:59:37,214] {processor.py:651} INFO - DAG(s) dict_keys(['ETL_toll_data']) retrieved from /home/project/airflow/dags/finalassignment/staging/ETL_toll_data.py
[2024-04-24 05:59:37,286] {logging_mixin.py:115} INFO - [2024-04-24 05:59:37,286] {dag.py:2420} INFO - Sync 1 DAGs
[2024-04-24 05:59:37,335] {logging_mixin.py:115} INFO - [2024-04-24 05:59:37,335] {dag.py:2972} INFO - Setting next_dagrun for ETL_toll_data to 2024-04-24T00:00:00+00:00, run_after=2024-04-25T00:00:00+00:00
[2024-04-24 05:59:37,363] {processor.py:161} INFO - Processing /home/project/airflow/dags/finalassignment/staging/ETL_toll_data.py took 0.165 seconds
[2024-04-24 06:00:07,797] {processor.py:153} INFO - Started process (PID=1735) to work on /home/project/airflow/dags/finalassignment/staging/ETL_toll_data.py
[2024-04-24 06:00:07,798] {processor.py:641} INFO - Processing file /home/project/airflow/dags/finalassignment/staging/ETL_toll_data.py for tasks to queue
[2024-04-24 06:00:07,798] {logging_mixin.py:115} INFO - [2024-04-24 06:00:07,798] {dagbag.py:508} INFO - Filling up the DagBag from /home/project/airflow/dags/finalassignment/staging/ETL_toll_data.py
[2024-04-24 06:00:07,808] {processor.py:651} INFO - DAG(s) dict_keys(['ETL_toll_data']) retrieved from /home/project/airflow/dags/finalassignment/staging/ETL_toll_data.py
[2024-04-24 06:00:07,852] {logging_mixin.py:115} INFO - [2024-04-24 06:00:07,851] {dag.py:2420} INFO - Sync 1 DAGs
[2024-04-24 06:00:07,886] {logging_mixin.py:115} INFO - [2024-04-24 06:00:07,886] {dag.py:2972} INFO - Setting next_dagrun for ETL_toll_data to 2024-04-24T00:00:00+00:00, run_after=2024-04-25T00:00:00+00:00
[2024-04-24 06:00:07,902] {processor.py:161} INFO - Processing /home/project/airflow/dags/finalassignment/staging/ETL_toll_data.py took 0.110 seconds
[2024-04-24 06:00:38,580] {processor.py:153} INFO - Started process (PID=1789) to work on /home/project/airflow/dags/finalassignment/staging/ETL_toll_data.py
[2024-04-24 06:00:38,581] {processor.py:641} INFO - Processing file /home/project/airflow/dags/finalassignment/staging/ETL_toll_data.py for tasks to queue
[2024-04-24 06:00:38,582] {logging_mixin.py:115} INFO - [2024-04-24 06:00:38,582] {dagbag.py:508} INFO - Filling up the DagBag from /home/project/airflow/dags/finalassignment/staging/ETL_toll_data.py
[2024-04-24 06:00:38,593] {processor.py:651} INFO - DAG(s) dict_keys(['ETL_toll_data']) retrieved from /home/project/airflow/dags/finalassignment/staging/ETL_toll_data.py
[2024-04-24 06:00:38,640] {logging_mixin.py:115} INFO - [2024-04-24 06:00:38,639] {dag.py:2420} INFO - Sync 1 DAGs
[2024-04-24 06:00:38,673] {logging_mixin.py:115} INFO - [2024-04-24 06:00:38,673] {dag.py:2972} INFO - Setting next_dagrun for ETL_toll_data to 2024-04-24T00:00:00+00:00, run_after=2024-04-25T00:00:00+00:00
[2024-04-24 06:00:38,708] {processor.py:161} INFO - Processing /home/project/airflow/dags/finalassignment/staging/ETL_toll_data.py took 0.133 seconds
[2024-04-24 06:01:09,204] {processor.py:153} INFO - Started process (PID=1851) to work on /home/project/airflow/dags/finalassignment/staging/ETL_toll_data.py
[2024-04-24 06:01:09,205] {processor.py:641} INFO - Processing file /home/project/airflow/dags/finalassignment/staging/ETL_toll_data.py for tasks to queue
[2024-04-24 06:01:09,206] {logging_mixin.py:115} INFO - [2024-04-24 06:01:09,206] {dagbag.py:508} INFO - Filling up the DagBag from /home/project/airflow/dags/finalassignment/staging/ETL_toll_data.py
[2024-04-24 06:01:09,217] {processor.py:651} INFO - DAG(s) dict_keys(['ETL_toll_data']) retrieved from /home/project/airflow/dags/finalassignment/staging/ETL_toll_data.py
[2024-04-24 06:01:09,269] {logging_mixin.py:115} INFO - [2024-04-24 06:01:09,269] {dag.py:2420} INFO - Sync 1 DAGs
[2024-04-24 06:01:09,303] {logging_mixin.py:115} INFO - [2024-04-24 06:01:09,302] {dag.py:2972} INFO - Setting next_dagrun for ETL_toll_data to 2024-04-24T00:00:00+00:00, run_after=2024-04-25T00:00:00+00:00
[2024-04-24 06:01:09,319] {processor.py:161} INFO - Processing /home/project/airflow/dags/finalassignment/staging/ETL_toll_data.py took 0.125 seconds
[2024-04-24 06:01:39,793] {processor.py:153} INFO - Started process (PID=1904) to work on /home/project/airflow/dags/finalassignment/staging/ETL_toll_data.py
[2024-04-24 06:01:39,794] {processor.py:641} INFO - Processing file /home/project/airflow/dags/finalassignment/staging/ETL_toll_data.py for tasks to queue
[2024-04-24 06:01:39,795] {logging_mixin.py:115} INFO - [2024-04-24 06:01:39,794] {dagbag.py:508} INFO - Filling up the DagBag from /home/project/airflow/dags/finalassignment/staging/ETL_toll_data.py
[2024-04-24 06:01:39,805] {processor.py:651} INFO - DAG(s) dict_keys(['ETL_toll_data']) retrieved from /home/project/airflow/dags/finalassignment/staging/ETL_toll_data.py
[2024-04-24 06:01:39,857] {logging_mixin.py:115} INFO - [2024-04-24 06:01:39,857] {dag.py:2420} INFO - Sync 1 DAGs
[2024-04-24 06:01:39,901] {logging_mixin.py:115} INFO - [2024-04-24 06:01:39,901] {dag.py:2972} INFO - Setting next_dagrun for ETL_toll_data to 2024-04-24T00:00:00+00:00, run_after=2024-04-25T00:00:00+00:00
[2024-04-24 06:01:39,920] {processor.py:161} INFO - Processing /home/project/airflow/dags/finalassignment/staging/ETL_toll_data.py took 0.132 seconds
[2024-04-24 06:02:10,474] {processor.py:153} INFO - Started process (PID=1966) to work on /home/project/airflow/dags/finalassignment/staging/ETL_toll_data.py
[2024-04-24 06:02:10,474] {processor.py:641} INFO - Processing file /home/project/airflow/dags/finalassignment/staging/ETL_toll_data.py for tasks to queue
[2024-04-24 06:02:10,475] {logging_mixin.py:115} INFO - [2024-04-24 06:02:10,475] {dagbag.py:508} INFO - Filling up the DagBag from /home/project/airflow/dags/finalassignment/staging/ETL_toll_data.py
[2024-04-24 06:02:10,485] {processor.py:651} INFO - DAG(s) dict_keys(['ETL_toll_data']) retrieved from /home/project/airflow/dags/finalassignment/staging/ETL_toll_data.py
[2024-04-24 06:02:10,531] {logging_mixin.py:115} INFO - [2024-04-24 06:02:10,531] {dag.py:2420} INFO - Sync 1 DAGs
[2024-04-24 06:02:10,566] {logging_mixin.py:115} INFO - [2024-04-24 06:02:10,566] {dag.py:2972} INFO - Setting next_dagrun for ETL_toll_data to 2024-04-24T00:00:00+00:00, run_after=2024-04-25T00:00:00+00:00
[2024-04-24 06:02:10,584] {processor.py:161} INFO - Processing /home/project/airflow/dags/finalassignment/staging/ETL_toll_data.py took 0.115 seconds
[2024-04-24 06:02:40,668] {processor.py:153} INFO - Started process (PID=2019) to work on /home/project/airflow/dags/finalassignment/staging/ETL_toll_data.py
[2024-04-24 06:02:40,669] {processor.py:641} INFO - Processing file /home/project/airflow/dags/finalassignment/staging/ETL_toll_data.py for tasks to queue
[2024-04-24 06:02:40,670] {logging_mixin.py:115} INFO - [2024-04-24 06:02:40,670] {dagbag.py:508} INFO - Filling up the DagBag from /home/project/airflow/dags/finalassignment/staging/ETL_toll_data.py
[2024-04-24 06:02:40,683] {processor.py:651} INFO - DAG(s) dict_keys(['ETL_toll_data']) retrieved from /home/project/airflow/dags/finalassignment/staging/ETL_toll_data.py
[2024-04-24 06:02:40,726] {logging_mixin.py:115} INFO - [2024-04-24 06:02:40,726] {dag.py:2420} INFO - Sync 1 DAGs
[2024-04-24 06:02:40,776] {logging_mixin.py:115} INFO - [2024-04-24 06:02:40,775] {dag.py:2972} INFO - Setting next_dagrun for ETL_toll_data to 2024-04-24T00:00:00+00:00, run_after=2024-04-25T00:00:00+00:00
[2024-04-24 06:02:40,809] {processor.py:161} INFO - Processing /home/project/airflow/dags/finalassignment/staging/ETL_toll_data.py took 0.147 seconds
[2024-04-24 06:03:10,915] {processor.py:153} INFO - Started process (PID=2081) to work on /home/project/airflow/dags/finalassignment/staging/ETL_toll_data.py
[2024-04-24 06:03:10,915] {processor.py:641} INFO - Processing file /home/project/airflow/dags/finalassignment/staging/ETL_toll_data.py for tasks to queue
[2024-04-24 06:03:10,916] {logging_mixin.py:115} INFO - [2024-04-24 06:03:10,916] {dagbag.py:508} INFO - Filling up the DagBag from /home/project/airflow/dags/finalassignment/staging/ETL_toll_data.py
[2024-04-24 06:03:10,930] {processor.py:651} INFO - DAG(s) dict_keys(['ETL_toll_data']) retrieved from /home/project/airflow/dags/finalassignment/staging/ETL_toll_data.py
[2024-04-24 06:03:10,989] {logging_mixin.py:115} INFO - [2024-04-24 06:03:10,989] {dag.py:2420} INFO - Sync 1 DAGs
[2024-04-24 06:03:11,029] {logging_mixin.py:115} INFO - [2024-04-24 06:03:11,028] {dag.py:2972} INFO - Setting next_dagrun for ETL_toll_data to 2024-04-24T00:00:00+00:00, run_after=2024-04-25T00:00:00+00:00
[2024-04-24 06:03:11,049] {processor.py:161} INFO - Processing /home/project/airflow/dags/finalassignment/staging/ETL_toll_data.py took 0.139 seconds
[2024-04-24 06:03:41,130] {processor.py:153} INFO - Started process (PID=2134) to work on /home/project/airflow/dags/finalassignment/staging/ETL_toll_data.py
[2024-04-24 06:03:41,131] {processor.py:641} INFO - Processing file /home/project/airflow/dags/finalassignment/staging/ETL_toll_data.py for tasks to queue
[2024-04-24 06:03:41,132] {logging_mixin.py:115} INFO - [2024-04-24 06:03:41,132] {dagbag.py:508} INFO - Filling up the DagBag from /home/project/airflow/dags/finalassignment/staging/ETL_toll_data.py
[2024-04-24 06:03:41,142] {processor.py:651} INFO - DAG(s) dict_keys(['ETL_toll_data']) retrieved from /home/project/airflow/dags/finalassignment/staging/ETL_toll_data.py
[2024-04-24 06:03:41,188] {logging_mixin.py:115} INFO - [2024-04-24 06:03:41,188] {dag.py:2420} INFO - Sync 1 DAGs
[2024-04-24 06:03:41,220] {logging_mixin.py:115} INFO - [2024-04-24 06:03:41,220] {dag.py:2972} INFO - Setting next_dagrun for ETL_toll_data to 2024-04-24T00:00:00+00:00, run_after=2024-04-25T00:00:00+00:00
[2024-04-24 06:03:41,236] {processor.py:161} INFO - Processing /home/project/airflow/dags/finalassignment/staging/ETL_toll_data.py took 0.111 seconds
[2024-04-24 06:04:11,371] {processor.py:153} INFO - Started process (PID=2196) to work on /home/project/airflow/dags/finalassignment/staging/ETL_toll_data.py
[2024-04-24 06:04:11,372] {processor.py:641} INFO - Processing file /home/project/airflow/dags/finalassignment/staging/ETL_toll_data.py for tasks to queue
[2024-04-24 06:04:11,373] {logging_mixin.py:115} INFO - [2024-04-24 06:04:11,373] {dagbag.py:508} INFO - Filling up the DagBag from /home/project/airflow/dags/finalassignment/staging/ETL_toll_data.py
[2024-04-24 06:04:11,392] {processor.py:651} INFO - DAG(s) dict_keys(['ETL_toll_data']) retrieved from /home/project/airflow/dags/finalassignment/staging/ETL_toll_data.py
[2024-04-24 06:04:11,467] {logging_mixin.py:115} INFO - [2024-04-24 06:04:11,467] {dag.py:2420} INFO - Sync 1 DAGs
[2024-04-24 06:04:11,509] {logging_mixin.py:115} INFO - [2024-04-24 06:04:11,509] {dag.py:2972} INFO - Setting next_dagrun for ETL_toll_data to 2024-04-24T00:00:00+00:00, run_after=2024-04-25T00:00:00+00:00
[2024-04-24 06:04:11,546] {processor.py:161} INFO - Processing /home/project/airflow/dags/finalassignment/staging/ETL_toll_data.py took 0.180 seconds
[2024-04-24 06:04:41,971] {processor.py:153} INFO - Started process (PID=2249) to work on /home/project/airflow/dags/finalassignment/staging/ETL_toll_data.py
[2024-04-24 06:04:41,972] {processor.py:641} INFO - Processing file /home/project/airflow/dags/finalassignment/staging/ETL_toll_data.py for tasks to queue
[2024-04-24 06:04:41,972] {logging_mixin.py:115} INFO - [2024-04-24 06:04:41,972] {dagbag.py:508} INFO - Filling up the DagBag from /home/project/airflow/dags/finalassignment/staging/ETL_toll_data.py
[2024-04-24 06:04:41,982] {processor.py:651} INFO - DAG(s) dict_keys(['ETL_toll_data']) retrieved from /home/project/airflow/dags/finalassignment/staging/ETL_toll_data.py
[2024-04-24 06:04:42,030] {logging_mixin.py:115} INFO - [2024-04-24 06:04:42,030] {dag.py:2420} INFO - Sync 1 DAGs
[2024-04-24 06:04:42,081] {logging_mixin.py:115} INFO - [2024-04-24 06:04:42,081] {dag.py:2972} INFO - Setting next_dagrun for ETL_toll_data to 2024-04-24T00:00:00+00:00, run_after=2024-04-25T00:00:00+00:00
[2024-04-24 06:04:42,097] {processor.py:161} INFO - Processing /home/project/airflow/dags/finalassignment/staging/ETL_toll_data.py took 0.131 seconds
[2024-04-24 06:05:12,205] {processor.py:153} INFO - Started process (PID=2311) to work on /home/project/airflow/dags/finalassignment/staging/ETL_toll_data.py
[2024-04-24 06:05:12,206] {processor.py:641} INFO - Processing file /home/project/airflow/dags/finalassignment/staging/ETL_toll_data.py for tasks to queue
[2024-04-24 06:05:12,207] {logging_mixin.py:115} INFO - [2024-04-24 06:05:12,207] {dagbag.py:508} INFO - Filling up the DagBag from /home/project/airflow/dags/finalassignment/staging/ETL_toll_data.py
[2024-04-24 06:05:12,228] {processor.py:651} INFO - DAG(s) dict_keys(['ETL_toll_data']) retrieved from /home/project/airflow/dags/finalassignment/staging/ETL_toll_data.py
[2024-04-24 06:05:12,304] {logging_mixin.py:115} INFO - [2024-04-24 06:05:12,303] {dag.py:2420} INFO - Sync 1 DAGs
[2024-04-24 06:05:12,351] {logging_mixin.py:115} INFO - [2024-04-24 06:05:12,351] {dag.py:2972} INFO - Setting next_dagrun for ETL_toll_data to 2024-04-24T00:00:00+00:00, run_after=2024-04-25T00:00:00+00:00
[2024-04-24 06:05:12,387] {processor.py:161} INFO - Processing /home/project/airflow/dags/finalassignment/staging/ETL_toll_data.py took 0.187 seconds
[2024-04-24 06:05:42,496] {processor.py:153} INFO - Started process (PID=2373) to work on /home/project/airflow/dags/finalassignment/staging/ETL_toll_data.py
[2024-04-24 06:05:42,503] {processor.py:641} INFO - Processing file /home/project/airflow/dags/finalassignment/staging/ETL_toll_data.py for tasks to queue
[2024-04-24 06:05:42,504] {logging_mixin.py:115} INFO - [2024-04-24 06:05:42,504] {dagbag.py:508} INFO - Filling up the DagBag from /home/project/airflow/dags/finalassignment/staging/ETL_toll_data.py
[2024-04-24 06:05:42,513] {processor.py:651} INFO - DAG(s) dict_keys(['ETL_toll_data']) retrieved from /home/project/airflow/dags/finalassignment/staging/ETL_toll_data.py
[2024-04-24 06:05:42,607] {logging_mixin.py:115} INFO - [2024-04-24 06:05:42,607] {dag.py:2420} INFO - Sync 1 DAGs
[2024-04-24 06:05:42,674] {logging_mixin.py:115} INFO - [2024-04-24 06:05:42,673] {dag.py:2972} INFO - Setting next_dagrun for ETL_toll_data to 2024-04-24T00:00:00+00:00, run_after=2024-04-25T00:00:00+00:00
[2024-04-24 06:05:42,713] {processor.py:161} INFO - Processing /home/project/airflow/dags/finalassignment/staging/ETL_toll_data.py took 0.221 seconds
[2024-04-24 06:06:12,770] {processor.py:153} INFO - Started process (PID=2427) to work on /home/project/airflow/dags/finalassignment/staging/ETL_toll_data.py
[2024-04-24 06:06:12,771] {processor.py:641} INFO - Processing file /home/project/airflow/dags/finalassignment/staging/ETL_toll_data.py for tasks to queue
[2024-04-24 06:06:12,771] {logging_mixin.py:115} INFO - [2024-04-24 06:06:12,771] {dagbag.py:508} INFO - Filling up the DagBag from /home/project/airflow/dags/finalassignment/staging/ETL_toll_data.py
[2024-04-24 06:06:12,781] {processor.py:651} INFO - DAG(s) dict_keys(['ETL_toll_data']) retrieved from /home/project/airflow/dags/finalassignment/staging/ETL_toll_data.py
[2024-04-24 06:06:12,828] {logging_mixin.py:115} INFO - [2024-04-24 06:06:12,828] {dag.py:2420} INFO - Sync 1 DAGs
[2024-04-24 06:06:12,871] {logging_mixin.py:115} INFO - [2024-04-24 06:06:12,871] {dag.py:2972} INFO - Setting next_dagrun for ETL_toll_data to 2024-04-24T00:00:00+00:00, run_after=2024-04-25T00:00:00+00:00
[2024-04-24 06:06:12,891] {processor.py:161} INFO - Processing /home/project/airflow/dags/finalassignment/staging/ETL_toll_data.py took 0.127 seconds
[2024-04-24 06:06:43,502] {processor.py:153} INFO - Started process (PID=2490) to work on /home/project/airflow/dags/finalassignment/staging/ETL_toll_data.py
[2024-04-24 06:06:43,503] {processor.py:641} INFO - Processing file /home/project/airflow/dags/finalassignment/staging/ETL_toll_data.py for tasks to queue
[2024-04-24 06:06:43,504] {logging_mixin.py:115} INFO - [2024-04-24 06:06:43,504] {dagbag.py:508} INFO - Filling up the DagBag from /home/project/airflow/dags/finalassignment/staging/ETL_toll_data.py
[2024-04-24 06:06:43,514] {processor.py:651} INFO - DAG(s) dict_keys(['ETL_toll_data']) retrieved from /home/project/airflow/dags/finalassignment/staging/ETL_toll_data.py
[2024-04-24 06:06:43,556] {logging_mixin.py:115} INFO - [2024-04-24 06:06:43,556] {dag.py:2420} INFO - Sync 1 DAGs
[2024-04-24 06:06:43,596] {logging_mixin.py:115} INFO - [2024-04-24 06:06:43,596] {dag.py:2972} INFO - Setting next_dagrun for ETL_toll_data to 2024-04-24T00:00:00+00:00, run_after=2024-04-25T00:00:00+00:00
[2024-04-24 06:06:43,611] {processor.py:161} INFO - Processing /home/project/airflow/dags/finalassignment/staging/ETL_toll_data.py took 0.113 seconds
[2024-04-24 06:07:13,753] {processor.py:153} INFO - Started process (PID=2543) to work on /home/project/airflow/dags/finalassignment/staging/ETL_toll_data.py
[2024-04-24 06:07:13,764] {processor.py:641} INFO - Processing file /home/project/airflow/dags/finalassignment/staging/ETL_toll_data.py for tasks to queue
[2024-04-24 06:07:13,765] {logging_mixin.py:115} INFO - [2024-04-24 06:07:13,764] {dagbag.py:508} INFO - Filling up the DagBag from /home/project/airflow/dags/finalassignment/staging/ETL_toll_data.py
[2024-04-24 06:07:13,805] {processor.py:651} INFO - DAG(s) dict_keys(['ETL_toll_data']) retrieved from /home/project/airflow/dags/finalassignment/staging/ETL_toll_data.py
[2024-04-24 06:07:13,947] {logging_mixin.py:115} INFO - [2024-04-24 06:07:13,947] {dag.py:2420} INFO - Sync 1 DAGs
[2024-04-24 06:07:14,026] {logging_mixin.py:115} INFO - [2024-04-24 06:07:14,026] {dag.py:2972} INFO - Setting next_dagrun for ETL_toll_data to 2024-04-24T00:00:00+00:00, run_after=2024-04-25T00:00:00+00:00
[2024-04-24 06:07:14,051] {processor.py:161} INFO - Processing /home/project/airflow/dags/finalassignment/staging/ETL_toll_data.py took 0.303 seconds
[2024-04-24 06:07:44,303] {processor.py:153} INFO - Started process (PID=2605) to work on /home/project/airflow/dags/finalassignment/staging/ETL_toll_data.py
[2024-04-24 06:07:44,304] {processor.py:641} INFO - Processing file /home/project/airflow/dags/finalassignment/staging/ETL_toll_data.py for tasks to queue
[2024-04-24 06:07:44,305] {logging_mixin.py:115} INFO - [2024-04-24 06:07:44,305] {dagbag.py:508} INFO - Filling up the DagBag from /home/project/airflow/dags/finalassignment/staging/ETL_toll_data.py
[2024-04-24 06:07:44,316] {processor.py:651} INFO - DAG(s) dict_keys(['ETL_toll_data']) retrieved from /home/project/airflow/dags/finalassignment/staging/ETL_toll_data.py
[2024-04-24 06:07:44,364] {logging_mixin.py:115} INFO - [2024-04-24 06:07:44,363] {dag.py:2420} INFO - Sync 1 DAGs
[2024-04-24 06:07:44,400] {logging_mixin.py:115} INFO - [2024-04-24 06:07:44,400] {dag.py:2972} INFO - Setting next_dagrun for ETL_toll_data to 2024-04-24T00:00:00+00:00, run_after=2024-04-25T00:00:00+00:00
[2024-04-24 06:07:44,414] {processor.py:161} INFO - Processing /home/project/airflow/dags/finalassignment/staging/ETL_toll_data.py took 0.116 seconds
[2024-04-24 06:08:14,506] {processor.py:153} INFO - Started process (PID=2658) to work on /home/project/airflow/dags/finalassignment/staging/ETL_toll_data.py
[2024-04-24 06:08:14,507] {processor.py:641} INFO - Processing file /home/project/airflow/dags/finalassignment/staging/ETL_toll_data.py for tasks to queue
[2024-04-24 06:08:14,508] {logging_mixin.py:115} INFO - [2024-04-24 06:08:14,508] {dagbag.py:508} INFO - Filling up the DagBag from /home/project/airflow/dags/finalassignment/staging/ETL_toll_data.py
[2024-04-24 06:08:14,530] {processor.py:651} INFO - DAG(s) dict_keys(['ETL_toll_data']) retrieved from /home/project/airflow/dags/finalassignment/staging/ETL_toll_data.py
[2024-04-24 06:08:14,607] {logging_mixin.py:115} INFO - [2024-04-24 06:08:14,607] {dag.py:2420} INFO - Sync 1 DAGs
[2024-04-24 06:08:14,663] {logging_mixin.py:115} INFO - [2024-04-24 06:08:14,655] {dag.py:2972} INFO - Setting next_dagrun for ETL_toll_data to 2024-04-24T00:00:00+00:00, run_after=2024-04-25T00:00:00+00:00
[2024-04-24 06:08:14,684] {processor.py:161} INFO - Processing /home/project/airflow/dags/finalassignment/staging/ETL_toll_data.py took 0.188 seconds
[2024-04-24 06:08:45,300] {processor.py:153} INFO - Started process (PID=2720) to work on /home/project/airflow/dags/finalassignment/staging/ETL_toll_data.py
[2024-04-24 06:08:45,301] {processor.py:641} INFO - Processing file /home/project/airflow/dags/finalassignment/staging/ETL_toll_data.py for tasks to queue
[2024-04-24 06:08:45,302] {logging_mixin.py:115} INFO - [2024-04-24 06:08:45,302] {dagbag.py:508} INFO - Filling up the DagBag from /home/project/airflow/dags/finalassignment/staging/ETL_toll_data.py
[2024-04-24 06:08:45,314] {processor.py:651} INFO - DAG(s) dict_keys(['ETL_toll_data']) retrieved from /home/project/airflow/dags/finalassignment/staging/ETL_toll_data.py
[2024-04-24 06:08:45,366] {logging_mixin.py:115} INFO - [2024-04-24 06:08:45,366] {dag.py:2420} INFO - Sync 1 DAGs
[2024-04-24 06:08:45,416] {logging_mixin.py:115} INFO - [2024-04-24 06:08:45,416] {dag.py:2972} INFO - Setting next_dagrun for ETL_toll_data to 2024-04-24T00:00:00+00:00, run_after=2024-04-25T00:00:00+00:00
[2024-04-24 06:08:45,448] {processor.py:161} INFO - Processing /home/project/airflow/dags/finalassignment/staging/ETL_toll_data.py took 0.153 seconds
[2024-04-24 06:09:15,807] {processor.py:153} INFO - Started process (PID=2773) to work on /home/project/airflow/dags/finalassignment/staging/ETL_toll_data.py
[2024-04-24 06:09:15,808] {processor.py:641} INFO - Processing file /home/project/airflow/dags/finalassignment/staging/ETL_toll_data.py for tasks to queue
[2024-04-24 06:09:15,809] {logging_mixin.py:115} INFO - [2024-04-24 06:09:15,809] {dagbag.py:508} INFO - Filling up the DagBag from /home/project/airflow/dags/finalassignment/staging/ETL_toll_data.py
[2024-04-24 06:09:15,818] {processor.py:651} INFO - DAG(s) dict_keys(['ETL_toll_data']) retrieved from /home/project/airflow/dags/finalassignment/staging/ETL_toll_data.py
[2024-04-24 06:09:15,886] {logging_mixin.py:115} INFO - [2024-04-24 06:09:15,885] {dag.py:2420} INFO - Sync 1 DAGs
[2024-04-24 06:09:15,948] {logging_mixin.py:115} INFO - [2024-04-24 06:09:15,948] {dag.py:2972} INFO - Setting next_dagrun for ETL_toll_data to 2024-04-24T00:00:00+00:00, run_after=2024-04-25T00:00:00+00:00
[2024-04-24 06:09:15,988] {processor.py:161} INFO - Processing /home/project/airflow/dags/finalassignment/staging/ETL_toll_data.py took 0.185 seconds
[2024-04-24 06:09:46,232] {processor.py:153} INFO - Started process (PID=2836) to work on /home/project/airflow/dags/finalassignment/staging/ETL_toll_data.py
[2024-04-24 06:09:46,233] {processor.py:641} INFO - Processing file /home/project/airflow/dags/finalassignment/staging/ETL_toll_data.py for tasks to queue
[2024-04-24 06:09:46,234] {logging_mixin.py:115} INFO - [2024-04-24 06:09:46,234] {dagbag.py:508} INFO - Filling up the DagBag from /home/project/airflow/dags/finalassignment/staging/ETL_toll_data.py
[2024-04-24 06:09:46,244] {processor.py:651} INFO - DAG(s) dict_keys(['ETL_toll_data']) retrieved from /home/project/airflow/dags/finalassignment/staging/ETL_toll_data.py
[2024-04-24 06:09:46,300] {logging_mixin.py:115} INFO - [2024-04-24 06:09:46,300] {dag.py:2420} INFO - Sync 1 DAGs
[2024-04-24 06:09:46,336] {logging_mixin.py:115} INFO - [2024-04-24 06:09:46,336] {dag.py:2972} INFO - Setting next_dagrun for ETL_toll_data to 2024-04-24T00:00:00+00:00, run_after=2024-04-25T00:00:00+00:00
[2024-04-24 06:09:46,364] {processor.py:161} INFO - Processing /home/project/airflow/dags/finalassignment/staging/ETL_toll_data.py took 0.137 seconds
[2024-04-24 06:10:16,577] {processor.py:153} INFO - Started process (PID=2889) to work on /home/project/airflow/dags/finalassignment/staging/ETL_toll_data.py
[2024-04-24 06:10:16,578] {processor.py:641} INFO - Processing file /home/project/airflow/dags/finalassignment/staging/ETL_toll_data.py for tasks to queue
[2024-04-24 06:10:16,579] {logging_mixin.py:115} INFO - [2024-04-24 06:10:16,579] {dagbag.py:508} INFO - Filling up the DagBag from /home/project/airflow/dags/finalassignment/staging/ETL_toll_data.py
[2024-04-24 06:10:16,588] {processor.py:651} INFO - DAG(s) dict_keys(['ETL_toll_data']) retrieved from /home/project/airflow/dags/finalassignment/staging/ETL_toll_data.py
[2024-04-24 06:10:16,634] {logging_mixin.py:115} INFO - [2024-04-24 06:10:16,634] {dag.py:2420} INFO - Sync 1 DAGs
[2024-04-24 06:10:16,669] {logging_mixin.py:115} INFO - [2024-04-24 06:10:16,668] {dag.py:2972} INFO - Setting next_dagrun for ETL_toll_data to 2024-04-24T00:00:00+00:00, run_after=2024-04-25T00:00:00+00:00
[2024-04-24 06:10:16,684] {processor.py:161} INFO - Processing /home/project/airflow/dags/finalassignment/staging/ETL_toll_data.py took 0.112 seconds
[2024-04-24 06:10:46,752] {processor.py:153} INFO - Started process (PID=2951) to work on /home/project/airflow/dags/finalassignment/staging/ETL_toll_data.py
[2024-04-24 06:10:46,763] {processor.py:641} INFO - Processing file /home/project/airflow/dags/finalassignment/staging/ETL_toll_data.py for tasks to queue
[2024-04-24 06:10:46,764] {logging_mixin.py:115} INFO - [2024-04-24 06:10:46,764] {dagbag.py:508} INFO - Filling up the DagBag from /home/project/airflow/dags/finalassignment/staging/ETL_toll_data.py
[2024-04-24 06:10:46,774] {processor.py:651} INFO - DAG(s) dict_keys(['ETL_toll_data']) retrieved from /home/project/airflow/dags/finalassignment/staging/ETL_toll_data.py
[2024-04-24 06:10:46,818] {logging_mixin.py:115} INFO - [2024-04-24 06:10:46,818] {dag.py:2420} INFO - Sync 1 DAGs
[2024-04-24 06:10:46,855] {logging_mixin.py:115} INFO - [2024-04-24 06:10:46,855] {dag.py:2972} INFO - Setting next_dagrun for ETL_toll_data to 2024-04-24T00:00:00+00:00, run_after=2024-04-25T00:00:00+00:00
[2024-04-24 06:10:46,870] {processor.py:161} INFO - Processing /home/project/airflow/dags/finalassignment/staging/ETL_toll_data.py took 0.123 seconds
[2024-04-24 06:11:17,025] {processor.py:153} INFO - Started process (PID=3013) to work on /home/project/airflow/dags/finalassignment/staging/ETL_toll_data.py
[2024-04-24 06:11:17,026] {processor.py:641} INFO - Processing file /home/project/airflow/dags/finalassignment/staging/ETL_toll_data.py for tasks to queue
[2024-04-24 06:11:17,027] {logging_mixin.py:115} INFO - [2024-04-24 06:11:17,027] {dagbag.py:508} INFO - Filling up the DagBag from /home/project/airflow/dags/finalassignment/staging/ETL_toll_data.py
[2024-04-24 06:11:17,045] {processor.py:651} INFO - DAG(s) dict_keys(['ETL_toll_data']) retrieved from /home/project/airflow/dags/finalassignment/staging/ETL_toll_data.py
[2024-04-24 06:11:17,126] {logging_mixin.py:115} INFO - [2024-04-24 06:11:17,126] {dag.py:2420} INFO - Sync 1 DAGs
[2024-04-24 06:11:17,209] {logging_mixin.py:115} INFO - [2024-04-24 06:11:17,209] {dag.py:2972} INFO - Setting next_dagrun for ETL_toll_data to 2024-04-24T00:00:00+00:00, run_after=2024-04-25T00:00:00+00:00
[2024-04-24 06:11:17,248] {processor.py:161} INFO - Processing /home/project/airflow/dags/finalassignment/staging/ETL_toll_data.py took 0.232 seconds
[2024-04-24 06:11:47,451] {processor.py:153} INFO - Started process (PID=3066) to work on /home/project/airflow/dags/finalassignment/staging/ETL_toll_data.py
[2024-04-24 06:11:47,452] {processor.py:641} INFO - Processing file /home/project/airflow/dags/finalassignment/staging/ETL_toll_data.py for tasks to queue
[2024-04-24 06:11:47,453] {logging_mixin.py:115} INFO - [2024-04-24 06:11:47,453] {dagbag.py:508} INFO - Filling up the DagBag from /home/project/airflow/dags/finalassignment/staging/ETL_toll_data.py
[2024-04-24 06:11:47,473] {processor.py:651} INFO - DAG(s) dict_keys(['ETL_toll_data']) retrieved from /home/project/airflow/dags/finalassignment/staging/ETL_toll_data.py
[2024-04-24 06:11:47,528] {logging_mixin.py:115} INFO - [2024-04-24 06:11:47,528] {dag.py:2420} INFO - Sync 1 DAGs
[2024-04-24 06:11:47,567] {logging_mixin.py:115} INFO - [2024-04-24 06:11:47,567] {dag.py:2972} INFO - Setting next_dagrun for ETL_toll_data to 2024-04-24T00:00:00+00:00, run_after=2024-04-25T00:00:00+00:00
[2024-04-24 06:11:47,583] {processor.py:161} INFO - Processing /home/project/airflow/dags/finalassignment/staging/ETL_toll_data.py took 0.138 seconds
[2024-04-24 06:12:17,711] {processor.py:153} INFO - Started process (PID=3128) to work on /home/project/airflow/dags/finalassignment/staging/ETL_toll_data.py
[2024-04-24 06:12:17,712] {processor.py:641} INFO - Processing file /home/project/airflow/dags/finalassignment/staging/ETL_toll_data.py for tasks to queue
[2024-04-24 06:12:17,712] {logging_mixin.py:115} INFO - [2024-04-24 06:12:17,712] {dagbag.py:508} INFO - Filling up the DagBag from /home/project/airflow/dags/finalassignment/staging/ETL_toll_data.py
[2024-04-24 06:12:17,723] {processor.py:651} INFO - DAG(s) dict_keys(['ETL_toll_data']) retrieved from /home/project/airflow/dags/finalassignment/staging/ETL_toll_data.py
[2024-04-24 06:12:17,764] {logging_mixin.py:115} INFO - [2024-04-24 06:12:17,764] {dag.py:2420} INFO - Sync 1 DAGs
[2024-04-24 06:12:17,797] {logging_mixin.py:115} INFO - [2024-04-24 06:12:17,797] {dag.py:2972} INFO - Setting next_dagrun for ETL_toll_data to 2024-04-24T00:00:00+00:00, run_after=2024-04-25T00:00:00+00:00
[2024-04-24 06:12:17,815] {processor.py:161} INFO - Processing /home/project/airflow/dags/finalassignment/staging/ETL_toll_data.py took 0.110 seconds
[2024-04-24 06:12:48,267] {processor.py:153} INFO - Started process (PID=3181) to work on /home/project/airflow/dags/finalassignment/staging/ETL_toll_data.py
[2024-04-24 06:12:48,268] {processor.py:641} INFO - Processing file /home/project/airflow/dags/finalassignment/staging/ETL_toll_data.py for tasks to queue
[2024-04-24 06:12:48,269] {logging_mixin.py:115} INFO - [2024-04-24 06:12:48,269] {dagbag.py:508} INFO - Filling up the DagBag from /home/project/airflow/dags/finalassignment/staging/ETL_toll_data.py
[2024-04-24 06:12:48,279] {processor.py:651} INFO - DAG(s) dict_keys(['ETL_toll_data']) retrieved from /home/project/airflow/dags/finalassignment/staging/ETL_toll_data.py
[2024-04-24 06:12:48,323] {logging_mixin.py:115} INFO - [2024-04-24 06:12:48,323] {dag.py:2420} INFO - Sync 1 DAGs
[2024-04-24 06:12:48,385] {logging_mixin.py:115} INFO - [2024-04-24 06:12:48,385] {dag.py:2972} INFO - Setting next_dagrun for ETL_toll_data to 2024-04-24T00:00:00+00:00, run_after=2024-04-25T00:00:00+00:00
[2024-04-24 06:12:48,429] {processor.py:161} INFO - Processing /home/project/airflow/dags/finalassignment/staging/ETL_toll_data.py took 0.168 seconds
[2024-04-24 06:13:18,593] {processor.py:153} INFO - Started process (PID=3243) to work on /home/project/airflow/dags/finalassignment/staging/ETL_toll_data.py
[2024-04-24 06:13:18,594] {processor.py:641} INFO - Processing file /home/project/airflow/dags/finalassignment/staging/ETL_toll_data.py for tasks to queue
[2024-04-24 06:13:18,595] {logging_mixin.py:115} INFO - [2024-04-24 06:13:18,595] {dagbag.py:508} INFO - Filling up the DagBag from /home/project/airflow/dags/finalassignment/staging/ETL_toll_data.py
[2024-04-24 06:13:18,606] {processor.py:651} INFO - DAG(s) dict_keys(['ETL_toll_data']) retrieved from /home/project/airflow/dags/finalassignment/staging/ETL_toll_data.py
[2024-04-24 06:13:18,654] {logging_mixin.py:115} INFO - [2024-04-24 06:13:18,653] {dag.py:2420} INFO - Sync 1 DAGs
[2024-04-24 06:13:18,691] {logging_mixin.py:115} INFO - [2024-04-24 06:13:18,691] {dag.py:2972} INFO - Setting next_dagrun for ETL_toll_data to 2024-04-24T00:00:00+00:00, run_after=2024-04-25T00:00:00+00:00
[2024-04-24 06:13:18,707] {processor.py:161} INFO - Processing /home/project/airflow/dags/finalassignment/staging/ETL_toll_data.py took 0.119 seconds
[2024-04-24 06:13:49,023] {processor.py:153} INFO - Started process (PID=3296) to work on /home/project/airflow/dags/finalassignment/staging/ETL_toll_data.py
[2024-04-24 06:13:49,024] {processor.py:641} INFO - Processing file /home/project/airflow/dags/finalassignment/staging/ETL_toll_data.py for tasks to queue
[2024-04-24 06:13:49,025] {logging_mixin.py:115} INFO - [2024-04-24 06:13:49,024] {dagbag.py:508} INFO - Filling up the DagBag from /home/project/airflow/dags/finalassignment/staging/ETL_toll_data.py
[2024-04-24 06:13:49,034] {processor.py:651} INFO - DAG(s) dict_keys(['ETL_toll_data']) retrieved from /home/project/airflow/dags/finalassignment/staging/ETL_toll_data.py
[2024-04-24 06:13:49,075] {logging_mixin.py:115} INFO - [2024-04-24 06:13:49,075] {dag.py:2420} INFO - Sync 1 DAGs
[2024-04-24 06:13:49,108] {logging_mixin.py:115} INFO - [2024-04-24 06:13:49,108] {dag.py:2972} INFO - Setting next_dagrun for ETL_toll_data to 2024-04-24T00:00:00+00:00, run_after=2024-04-25T00:00:00+00:00
[2024-04-24 06:13:49,124] {processor.py:161} INFO - Processing /home/project/airflow/dags/finalassignment/staging/ETL_toll_data.py took 0.106 seconds
[2024-04-24 06:14:19,998] {processor.py:153} INFO - Started process (PID=3358) to work on /home/project/airflow/dags/finalassignment/staging/ETL_toll_data.py
[2024-04-24 06:14:19,999] {processor.py:641} INFO - Processing file /home/project/airflow/dags/finalassignment/staging/ETL_toll_data.py for tasks to queue
[2024-04-24 06:14:20,000] {logging_mixin.py:115} INFO - [2024-04-24 06:14:20,000] {dagbag.py:508} INFO - Filling up the DagBag from /home/project/airflow/dags/finalassignment/staging/ETL_toll_data.py
[2024-04-24 06:14:20,009] {processor.py:651} INFO - DAG(s) dict_keys(['ETL_toll_data']) retrieved from /home/project/airflow/dags/finalassignment/staging/ETL_toll_data.py
[2024-04-24 06:14:20,090] {logging_mixin.py:115} INFO - [2024-04-24 06:14:20,090] {dag.py:2420} INFO - Sync 1 DAGs
[2024-04-24 06:14:20,148] {logging_mixin.py:115} INFO - [2024-04-24 06:14:20,148] {dag.py:2972} INFO - Setting next_dagrun for ETL_toll_data to 2024-04-24T00:00:00+00:00, run_after=2024-04-25T00:00:00+00:00
[2024-04-24 06:14:20,171] {processor.py:161} INFO - Processing /home/project/airflow/dags/finalassignment/staging/ETL_toll_data.py took 0.178 seconds
[2024-04-24 06:14:50,444] {processor.py:153} INFO - Started process (PID=3420) to work on /home/project/airflow/dags/finalassignment/staging/ETL_toll_data.py
[2024-04-24 06:14:50,445] {processor.py:641} INFO - Processing file /home/project/airflow/dags/finalassignment/staging/ETL_toll_data.py for tasks to queue
[2024-04-24 06:14:50,445] {logging_mixin.py:115} INFO - [2024-04-24 06:14:50,445] {dagbag.py:508} INFO - Filling up the DagBag from /home/project/airflow/dags/finalassignment/staging/ETL_toll_data.py
[2024-04-24 06:14:50,464] {processor.py:651} INFO - DAG(s) dict_keys(['ETL_toll_data']) retrieved from /home/project/airflow/dags/finalassignment/staging/ETL_toll_data.py
[2024-04-24 06:14:50,527] {logging_mixin.py:115} INFO - [2024-04-24 06:14:50,527] {dag.py:2420} INFO - Sync 1 DAGs
[2024-04-24 06:14:50,574] {logging_mixin.py:115} INFO - [2024-04-24 06:14:50,574] {dag.py:2972} INFO - Setting next_dagrun for ETL_toll_data to 2024-04-24T00:00:00+00:00, run_after=2024-04-25T00:00:00+00:00
[2024-04-24 06:14:50,604] {processor.py:161} INFO - Processing /home/project/airflow/dags/finalassignment/staging/ETL_toll_data.py took 0.165 seconds
[2024-04-24 06:15:21,529] {processor.py:153} INFO - Started process (PID=3473) to work on /home/project/airflow/dags/finalassignment/staging/ETL_toll_data.py
[2024-04-24 06:15:21,532] {processor.py:641} INFO - Processing file /home/project/airflow/dags/finalassignment/staging/ETL_toll_data.py for tasks to queue
[2024-04-24 06:15:21,533] {logging_mixin.py:115} INFO - [2024-04-24 06:15:21,533] {dagbag.py:508} INFO - Filling up the DagBag from /home/project/airflow/dags/finalassignment/staging/ETL_toll_data.py
[2024-04-24 06:15:21,548] {processor.py:651} INFO - DAG(s) dict_keys(['ETL_toll_data']) retrieved from /home/project/airflow/dags/finalassignment/staging/ETL_toll_data.py
[2024-04-24 06:15:21,628] {logging_mixin.py:115} INFO - [2024-04-24 06:15:21,627] {dag.py:2420} INFO - Sync 1 DAGs
[2024-04-24 06:15:21,688] {logging_mixin.py:115} INFO - [2024-04-24 06:15:21,688] {dag.py:2972} INFO - Setting next_dagrun for ETL_toll_data to 2024-04-24T00:00:00+00:00, run_after=2024-04-25T00:00:00+00:00
[2024-04-24 06:15:21,707] {processor.py:161} INFO - Processing /home/project/airflow/dags/finalassignment/staging/ETL_toll_data.py took 0.183 seconds
[2024-04-24 06:15:52,399] {processor.py:153} INFO - Started process (PID=3535) to work on /home/project/airflow/dags/finalassignment/staging/ETL_toll_data.py
[2024-04-24 06:15:52,400] {processor.py:641} INFO - Processing file /home/project/airflow/dags/finalassignment/staging/ETL_toll_data.py for tasks to queue
[2024-04-24 06:15:52,400] {logging_mixin.py:115} INFO - [2024-04-24 06:15:52,400] {dagbag.py:508} INFO - Filling up the DagBag from /home/project/airflow/dags/finalassignment/staging/ETL_toll_data.py
[2024-04-24 06:15:52,410] {processor.py:651} INFO - DAG(s) dict_keys(['ETL_toll_data']) retrieved from /home/project/airflow/dags/finalassignment/staging/ETL_toll_data.py
[2024-04-24 06:15:52,453] {logging_mixin.py:115} INFO - [2024-04-24 06:15:52,453] {dag.py:2420} INFO - Sync 1 DAGs
[2024-04-24 06:15:52,487] {logging_mixin.py:115} INFO - [2024-04-24 06:15:52,487] {dag.py:2972} INFO - Setting next_dagrun for ETL_toll_data to 2024-04-24T00:00:00+00:00, run_after=2024-04-25T00:00:00+00:00
[2024-04-24 06:15:52,504] {processor.py:161} INFO - Processing /home/project/airflow/dags/finalassignment/staging/ETL_toll_data.py took 0.110 seconds
[2024-04-24 06:16:23,126] {processor.py:153} INFO - Started process (PID=3588) to work on /home/project/airflow/dags/finalassignment/staging/ETL_toll_data.py
[2024-04-24 06:16:23,127] {processor.py:641} INFO - Processing file /home/project/airflow/dags/finalassignment/staging/ETL_toll_data.py for tasks to queue
[2024-04-24 06:16:23,128] {logging_mixin.py:115} INFO - [2024-04-24 06:16:23,128] {dagbag.py:508} INFO - Filling up the DagBag from /home/project/airflow/dags/finalassignment/staging/ETL_toll_data.py
[2024-04-24 06:16:23,139] {processor.py:651} INFO - DAG(s) dict_keys(['ETL_toll_data']) retrieved from /home/project/airflow/dags/finalassignment/staging/ETL_toll_data.py
[2024-04-24 06:16:23,192] {logging_mixin.py:115} INFO - [2024-04-24 06:16:23,192] {dag.py:2420} INFO - Sync 1 DAGs
[2024-04-24 06:16:23,228] {logging_mixin.py:115} INFO - [2024-04-24 06:16:23,227] {dag.py:2972} INFO - Setting next_dagrun for ETL_toll_data to 2024-04-24T00:00:00+00:00, run_after=2024-04-25T00:00:00+00:00
[2024-04-24 06:16:23,244] {processor.py:161} INFO - Processing /home/project/airflow/dags/finalassignment/staging/ETL_toll_data.py took 0.123 seconds
[2024-04-24 06:16:53,702] {processor.py:153} INFO - Started process (PID=3650) to work on /home/project/airflow/dags/finalassignment/staging/ETL_toll_data.py
[2024-04-24 06:16:53,703] {processor.py:641} INFO - Processing file /home/project/airflow/dags/finalassignment/staging/ETL_toll_data.py for tasks to queue
[2024-04-24 06:16:53,704] {logging_mixin.py:115} INFO - [2024-04-24 06:16:53,704] {dagbag.py:508} INFO - Filling up the DagBag from /home/project/airflow/dags/finalassignment/staging/ETL_toll_data.py
[2024-04-24 06:16:53,713] {processor.py:651} INFO - DAG(s) dict_keys(['ETL_toll_data']) retrieved from /home/project/airflow/dags/finalassignment/staging/ETL_toll_data.py
[2024-04-24 06:16:53,769] {logging_mixin.py:115} INFO - [2024-04-24 06:16:53,768] {dag.py:2420} INFO - Sync 1 DAGs
[2024-04-24 06:16:53,812] {logging_mixin.py:115} INFO - [2024-04-24 06:16:53,812] {dag.py:2972} INFO - Setting next_dagrun for ETL_toll_data to 2024-04-24T00:00:00+00:00, run_after=2024-04-25T00:00:00+00:00
[2024-04-24 06:16:53,830] {processor.py:161} INFO - Processing /home/project/airflow/dags/finalassignment/staging/ETL_toll_data.py took 0.133 seconds
[2024-04-24 06:17:23,908] {processor.py:153} INFO - Started process (PID=3712) to work on /home/project/airflow/dags/finalassignment/staging/ETL_toll_data.py
[2024-04-24 06:17:23,909] {processor.py:641} INFO - Processing file /home/project/airflow/dags/finalassignment/staging/ETL_toll_data.py for tasks to queue
[2024-04-24 06:17:23,910] {logging_mixin.py:115} INFO - [2024-04-24 06:17:23,910] {dagbag.py:508} INFO - Filling up the DagBag from /home/project/airflow/dags/finalassignment/staging/ETL_toll_data.py
[2024-04-24 06:17:23,927] {processor.py:651} INFO - DAG(s) dict_keys(['ETL_toll_data']) retrieved from /home/project/airflow/dags/finalassignment/staging/ETL_toll_data.py
[2024-04-24 06:17:24,003] {logging_mixin.py:115} INFO - [2024-04-24 06:17:23,999] {dag.py:2420} INFO - Sync 1 DAGs
[2024-04-24 06:17:24,045] {logging_mixin.py:115} INFO - [2024-04-24 06:17:24,045] {dag.py:2972} INFO - Setting next_dagrun for ETL_toll_data to 2024-04-24T00:00:00+00:00, run_after=2024-04-25T00:00:00+00:00
[2024-04-24 06:17:24,087] {processor.py:161} INFO - Processing /home/project/airflow/dags/finalassignment/staging/ETL_toll_data.py took 0.185 seconds
[2024-04-24 06:17:54,371] {processor.py:153} INFO - Started process (PID=3765) to work on /home/project/airflow/dags/finalassignment/staging/ETL_toll_data.py
[2024-04-24 06:17:54,372] {processor.py:641} INFO - Processing file /home/project/airflow/dags/finalassignment/staging/ETL_toll_data.py for tasks to queue
[2024-04-24 06:17:54,373] {logging_mixin.py:115} INFO - [2024-04-24 06:17:54,373] {dagbag.py:508} INFO - Filling up the DagBag from /home/project/airflow/dags/finalassignment/staging/ETL_toll_data.py
[2024-04-24 06:17:54,382] {processor.py:651} INFO - DAG(s) dict_keys(['ETL_toll_data']) retrieved from /home/project/airflow/dags/finalassignment/staging/ETL_toll_data.py
[2024-04-24 06:17:54,444] {logging_mixin.py:115} INFO - [2024-04-24 06:17:54,444] {dag.py:2420} INFO - Sync 1 DAGs
[2024-04-24 06:17:54,474] {logging_mixin.py:115} INFO - [2024-04-24 06:17:54,474] {dag.py:2972} INFO - Setting next_dagrun for ETL_toll_data to 2024-04-24T00:00:00+00:00, run_after=2024-04-25T00:00:00+00:00
[2024-04-24 06:17:54,490] {processor.py:161} INFO - Processing /home/project/airflow/dags/finalassignment/staging/ETL_toll_data.py took 0.124 seconds
[2024-04-24 06:18:24,964] {processor.py:153} INFO - Started process (PID=3827) to work on /home/project/airflow/dags/finalassignment/staging/ETL_toll_data.py
[2024-04-24 06:18:24,965] {processor.py:641} INFO - Processing file /home/project/airflow/dags/finalassignment/staging/ETL_toll_data.py for tasks to queue
[2024-04-24 06:18:24,966] {logging_mixin.py:115} INFO - [2024-04-24 06:18:24,966] {dagbag.py:508} INFO - Filling up the DagBag from /home/project/airflow/dags/finalassignment/staging/ETL_toll_data.py
[2024-04-24 06:18:24,986] {processor.py:651} INFO - DAG(s) dict_keys(['ETL_toll_data']) retrieved from /home/project/airflow/dags/finalassignment/staging/ETL_toll_data.py
[2024-04-24 06:18:25,086] {logging_mixin.py:115} INFO - [2024-04-24 06:18:25,085] {dag.py:2420} INFO - Sync 1 DAGs
[2024-04-24 06:18:25,148] {logging_mixin.py:115} INFO - [2024-04-24 06:18:25,148] {dag.py:2972} INFO - Setting next_dagrun for ETL_toll_data to 2024-04-24T00:00:00+00:00, run_after=2024-04-25T00:00:00+00:00
[2024-04-24 06:18:25,188] {processor.py:161} INFO - Processing /home/project/airflow/dags/finalassignment/staging/ETL_toll_data.py took 0.238 seconds
[2024-04-24 06:18:55,928] {processor.py:153} INFO - Started process (PID=3880) to work on /home/project/airflow/dags/finalassignment/staging/ETL_toll_data.py
[2024-04-24 06:18:55,929] {processor.py:641} INFO - Processing file /home/project/airflow/dags/finalassignment/staging/ETL_toll_data.py for tasks to queue
[2024-04-24 06:18:55,929] {logging_mixin.py:115} INFO - [2024-04-24 06:18:55,929] {dagbag.py:508} INFO - Filling up the DagBag from /home/project/airflow/dags/finalassignment/staging/ETL_toll_data.py
[2024-04-24 06:18:55,939] {processor.py:651} INFO - DAG(s) dict_keys(['ETL_toll_data']) retrieved from /home/project/airflow/dags/finalassignment/staging/ETL_toll_data.py
[2024-04-24 06:18:55,979] {logging_mixin.py:115} INFO - [2024-04-24 06:18:55,979] {dag.py:2420} INFO - Sync 1 DAGs
[2024-04-24 06:18:56,011] {logging_mixin.py:115} INFO - [2024-04-24 06:18:56,011] {dag.py:2972} INFO - Setting next_dagrun for ETL_toll_data to 2024-04-24T00:00:00+00:00, run_after=2024-04-25T00:00:00+00:00
[2024-04-24 06:18:56,028] {processor.py:161} INFO - Processing /home/project/airflow/dags/finalassignment/staging/ETL_toll_data.py took 0.105 seconds
[2024-04-24 06:19:26,803] {processor.py:153} INFO - Started process (PID=3942) to work on /home/project/airflow/dags/finalassignment/staging/ETL_toll_data.py
[2024-04-24 06:19:26,804] {processor.py:641} INFO - Processing file /home/project/airflow/dags/finalassignment/staging/ETL_toll_data.py for tasks to queue
[2024-04-24 06:19:26,805] {logging_mixin.py:115} INFO - [2024-04-24 06:19:26,805] {dagbag.py:508} INFO - Filling up the DagBag from /home/project/airflow/dags/finalassignment/staging/ETL_toll_data.py
[2024-04-24 06:19:26,814] {processor.py:651} INFO - DAG(s) dict_keys(['ETL_toll_data']) retrieved from /home/project/airflow/dags/finalassignment/staging/ETL_toll_data.py
[2024-04-24 06:19:26,908] {logging_mixin.py:115} INFO - [2024-04-24 06:19:26,908] {dag.py:2420} INFO - Sync 1 DAGs
[2024-04-24 06:19:26,954] {logging_mixin.py:115} INFO - [2024-04-24 06:19:26,954] {dag.py:2972} INFO - Setting next_dagrun for ETL_toll_data to 2024-04-24T00:00:00+00:00, run_after=2024-04-25T00:00:00+00:00
[2024-04-24 06:19:26,975] {processor.py:161} INFO - Processing /home/project/airflow/dags/finalassignment/staging/ETL_toll_data.py took 0.189 seconds
[2024-04-24 06:19:57,735] {processor.py:153} INFO - Started process (PID=3995) to work on /home/project/airflow/dags/finalassignment/staging/ETL_toll_data.py
[2024-04-24 06:19:57,736] {processor.py:641} INFO - Processing file /home/project/airflow/dags/finalassignment/staging/ETL_toll_data.py for tasks to queue
[2024-04-24 06:19:57,736] {logging_mixin.py:115} INFO - [2024-04-24 06:19:57,736] {dagbag.py:508} INFO - Filling up the DagBag from /home/project/airflow/dags/finalassignment/staging/ETL_toll_data.py
[2024-04-24 06:19:57,746] {processor.py:651} INFO - DAG(s) dict_keys(['ETL_toll_data']) retrieved from /home/project/airflow/dags/finalassignment/staging/ETL_toll_data.py
[2024-04-24 06:19:57,792] {logging_mixin.py:115} INFO - [2024-04-24 06:19:57,791] {dag.py:2420} INFO - Sync 1 DAGs
[2024-04-24 06:19:57,837] {logging_mixin.py:115} INFO - [2024-04-24 06:19:57,837] {dag.py:2972} INFO - Setting next_dagrun for ETL_toll_data to 2024-04-24T00:00:00+00:00, run_after=2024-04-25T00:00:00+00:00
[2024-04-24 06:19:57,853] {processor.py:161} INFO - Processing /home/project/airflow/dags/finalassignment/staging/ETL_toll_data.py took 0.123 seconds
[2024-04-24 06:20:28,389] {processor.py:153} INFO - Started process (PID=4057) to work on /home/project/airflow/dags/finalassignment/staging/ETL_toll_data.py
[2024-04-24 06:20:28,390] {processor.py:641} INFO - Processing file /home/project/airflow/dags/finalassignment/staging/ETL_toll_data.py for tasks to queue
[2024-04-24 06:20:28,391] {logging_mixin.py:115} INFO - [2024-04-24 06:20:28,391] {dagbag.py:508} INFO - Filling up the DagBag from /home/project/airflow/dags/finalassignment/staging/ETL_toll_data.py
[2024-04-24 06:20:28,410] {processor.py:651} INFO - DAG(s) dict_keys(['ETL_toll_data']) retrieved from /home/project/airflow/dags/finalassignment/staging/ETL_toll_data.py
[2024-04-24 06:20:28,509] {logging_mixin.py:115} INFO - [2024-04-24 06:20:28,509] {dag.py:2420} INFO - Sync 1 DAGs
[2024-04-24 06:20:28,571] {logging_mixin.py:115} INFO - [2024-04-24 06:20:28,570] {dag.py:2972} INFO - Setting next_dagrun for ETL_toll_data to 2024-04-24T00:00:00+00:00, run_after=2024-04-25T00:00:00+00:00
[2024-04-24 06:20:28,610] {processor.py:161} INFO - Processing /home/project/airflow/dags/finalassignment/staging/ETL_toll_data.py took 0.225 seconds
[2024-04-24 06:20:59,521] {processor.py:153} INFO - Started process (PID=4119) to work on /home/project/airflow/dags/finalassignment/staging/ETL_toll_data.py
[2024-04-24 06:20:59,522] {processor.py:641} INFO - Processing file /home/project/airflow/dags/finalassignment/staging/ETL_toll_data.py for tasks to queue
[2024-04-24 06:20:59,523] {logging_mixin.py:115} INFO - [2024-04-24 06:20:59,522] {dagbag.py:508} INFO - Filling up the DagBag from /home/project/airflow/dags/finalassignment/staging/ETL_toll_data.py
[2024-04-24 06:20:59,533] {processor.py:651} INFO - DAG(s) dict_keys(['ETL_toll_data']) retrieved from /home/project/airflow/dags/finalassignment/staging/ETL_toll_data.py
[2024-04-24 06:20:59,584] {logging_mixin.py:115} INFO - [2024-04-24 06:20:59,584] {dag.py:2420} INFO - Sync 1 DAGs
[2024-04-24 06:20:59,632] {logging_mixin.py:115} INFO - [2024-04-24 06:20:59,632] {dag.py:2972} INFO - Setting next_dagrun for ETL_toll_data to 2024-04-24T00:00:00+00:00, run_after=2024-04-25T00:00:00+00:00
[2024-04-24 06:20:59,668] {processor.py:161} INFO - Processing /home/project/airflow/dags/finalassignment/staging/ETL_toll_data.py took 0.152 seconds
[2024-04-24 06:21:29,785] {processor.py:153} INFO - Started process (PID=4172) to work on /home/project/airflow/dags/finalassignment/staging/ETL_toll_data.py
[2024-04-24 06:21:29,786] {processor.py:641} INFO - Processing file /home/project/airflow/dags/finalassignment/staging/ETL_toll_data.py for tasks to queue
[2024-04-24 06:21:29,786] {logging_mixin.py:115} INFO - [2024-04-24 06:21:29,786] {dagbag.py:508} INFO - Filling up the DagBag from /home/project/airflow/dags/finalassignment/staging/ETL_toll_data.py
[2024-04-24 06:21:29,805] {processor.py:651} INFO - DAG(s) dict_keys(['ETL_toll_data']) retrieved from /home/project/airflow/dags/finalassignment/staging/ETL_toll_data.py
[2024-04-24 06:21:29,873] {logging_mixin.py:115} INFO - [2024-04-24 06:21:29,873] {dag.py:2420} INFO - Sync 1 DAGs
[2024-04-24 06:21:29,917] {logging_mixin.py:115} INFO - [2024-04-24 06:21:29,916] {dag.py:2972} INFO - Setting next_dagrun for ETL_toll_data to 2024-04-24T00:00:00+00:00, run_after=2024-04-25T00:00:00+00:00
[2024-04-24 06:21:29,944] {processor.py:161} INFO - Processing /home/project/airflow/dags/finalassignment/staging/ETL_toll_data.py took 0.164 seconds
[2024-04-24 06:22:00,407] {processor.py:153} INFO - Started process (PID=4234) to work on /home/project/airflow/dags/finalassignment/staging/ETL_toll_data.py
[2024-04-24 06:22:00,409] {processor.py:641} INFO - Processing file /home/project/airflow/dags/finalassignment/staging/ETL_toll_data.py for tasks to queue
[2024-04-24 06:22:00,409] {logging_mixin.py:115} INFO - [2024-04-24 06:22:00,409] {dagbag.py:508} INFO - Filling up the DagBag from /home/project/airflow/dags/finalassignment/staging/ETL_toll_data.py
[2024-04-24 06:22:00,425] {processor.py:651} INFO - DAG(s) dict_keys(['ETL_toll_data']) retrieved from /home/project/airflow/dags/finalassignment/staging/ETL_toll_data.py
[2024-04-24 06:22:00,492] {logging_mixin.py:115} INFO - [2024-04-24 06:22:00,492] {dag.py:2420} INFO - Sync 1 DAGs
[2024-04-24 06:22:00,533] {logging_mixin.py:115} INFO - [2024-04-24 06:22:00,533] {dag.py:2972} INFO - Setting next_dagrun for ETL_toll_data to 2024-04-24T00:00:00+00:00, run_after=2024-04-25T00:00:00+00:00
[2024-04-24 06:22:00,566] {processor.py:161} INFO - Processing /home/project/airflow/dags/finalassignment/staging/ETL_toll_data.py took 0.164 seconds
[2024-04-24 06:22:30,720] {processor.py:153} INFO - Started process (PID=4288) to work on /home/project/airflow/dags/finalassignment/staging/ETL_toll_data.py
[2024-04-24 06:22:30,722] {processor.py:641} INFO - Processing file /home/project/airflow/dags/finalassignment/staging/ETL_toll_data.py for tasks to queue
[2024-04-24 06:22:30,722] {logging_mixin.py:115} INFO - [2024-04-24 06:22:30,722] {dagbag.py:508} INFO - Filling up the DagBag from /home/project/airflow/dags/finalassignment/staging/ETL_toll_data.py
[2024-04-24 06:22:30,733] {processor.py:651} INFO - DAG(s) dict_keys(['ETL_toll_data']) retrieved from /home/project/airflow/dags/finalassignment/staging/ETL_toll_data.py
[2024-04-24 06:22:30,775] {logging_mixin.py:115} INFO - [2024-04-24 06:22:30,775] {dag.py:2420} INFO - Sync 1 DAGs
[2024-04-24 06:22:30,814] {logging_mixin.py:115} INFO - [2024-04-24 06:22:30,814] {dag.py:2972} INFO - Setting next_dagrun for ETL_toll_data to 2024-04-24T00:00:00+00:00, run_after=2024-04-25T00:00:00+00:00
[2024-04-24 06:22:30,831] {processor.py:161} INFO - Processing /home/project/airflow/dags/finalassignment/staging/ETL_toll_data.py took 0.115 seconds
[2024-04-24 06:23:00,905] {processor.py:153} INFO - Started process (PID=4341) to work on /home/project/airflow/dags/finalassignment/staging/ETL_toll_data.py
[2024-04-24 06:23:00,906] {processor.py:641} INFO - Processing file /home/project/airflow/dags/finalassignment/staging/ETL_toll_data.py for tasks to queue
[2024-04-24 06:23:00,907] {logging_mixin.py:115} INFO - [2024-04-24 06:23:00,906] {dagbag.py:508} INFO - Filling up the DagBag from /home/project/airflow/dags/finalassignment/staging/ETL_toll_data.py
[2024-04-24 06:23:00,925] {processor.py:651} INFO - DAG(s) dict_keys(['ETL_toll_data']) retrieved from /home/project/airflow/dags/finalassignment/staging/ETL_toll_data.py
[2024-04-24 06:23:00,995] {logging_mixin.py:115} INFO - [2024-04-24 06:23:00,995] {dag.py:2420} INFO - Sync 1 DAGs
[2024-04-24 06:23:01,054] {logging_mixin.py:115} INFO - [2024-04-24 06:23:01,054] {dag.py:2972} INFO - Setting next_dagrun for ETL_toll_data to 2024-04-24T00:00:00+00:00, run_after=2024-04-25T00:00:00+00:00
[2024-04-24 06:23:01,084] {processor.py:161} INFO - Processing /home/project/airflow/dags/finalassignment/staging/ETL_toll_data.py took 0.185 seconds
[2024-04-24 06:23:31,502] {processor.py:153} INFO - Started process (PID=4403) to work on /home/project/airflow/dags/finalassignment/staging/ETL_toll_data.py
[2024-04-24 06:23:31,503] {processor.py:641} INFO - Processing file /home/project/airflow/dags/finalassignment/staging/ETL_toll_data.py for tasks to queue
[2024-04-24 06:23:31,504] {logging_mixin.py:115} INFO - [2024-04-24 06:23:31,504] {dagbag.py:508} INFO - Filling up the DagBag from /home/project/airflow/dags/finalassignment/staging/ETL_toll_data.py
[2024-04-24 06:23:31,514] {processor.py:651} INFO - DAG(s) dict_keys(['ETL_toll_data']) retrieved from /home/project/airflow/dags/finalassignment/staging/ETL_toll_data.py
[2024-04-24 06:23:31,555] {logging_mixin.py:115} INFO - [2024-04-24 06:23:31,555] {dag.py:2420} INFO - Sync 1 DAGs
[2024-04-24 06:23:31,592] {logging_mixin.py:115} INFO - [2024-04-24 06:23:31,592] {dag.py:2972} INFO - Setting next_dagrun for ETL_toll_data to 2024-04-24T00:00:00+00:00, run_after=2024-04-25T00:00:00+00:00
[2024-04-24 06:23:31,607] {processor.py:161} INFO - Processing /home/project/airflow/dags/finalassignment/staging/ETL_toll_data.py took 0.110 seconds
[2024-04-24 06:24:01,745] {processor.py:153} INFO - Started process (PID=4456) to work on /home/project/airflow/dags/finalassignment/staging/ETL_toll_data.py
[2024-04-24 06:24:01,746] {processor.py:641} INFO - Processing file /home/project/airflow/dags/finalassignment/staging/ETL_toll_data.py for tasks to queue
[2024-04-24 06:24:01,746] {logging_mixin.py:115} INFO - [2024-04-24 06:24:01,746] {dagbag.py:508} INFO - Filling up the DagBag from /home/project/airflow/dags/finalassignment/staging/ETL_toll_data.py
[2024-04-24 06:24:01,758] {processor.py:651} INFO - DAG(s) dict_keys(['ETL_toll_data']) retrieved from /home/project/airflow/dags/finalassignment/staging/ETL_toll_data.py
[2024-04-24 06:24:01,850] {logging_mixin.py:115} INFO - [2024-04-24 06:24:01,850] {dag.py:2420} INFO - Sync 1 DAGs
[2024-04-24 06:24:01,910] {logging_mixin.py:115} INFO - [2024-04-24 06:24:01,910] {dag.py:2972} INFO - Setting next_dagrun for ETL_toll_data to 2024-04-24T00:00:00+00:00, run_after=2024-04-25T00:00:00+00:00
[2024-04-24 06:24:01,934] {processor.py:161} INFO - Processing /home/project/airflow/dags/finalassignment/staging/ETL_toll_data.py took 0.200 seconds
[2024-04-24 06:24:32,036] {processor.py:153} INFO - Started process (PID=4517) to work on /home/project/airflow/dags/finalassignment/staging/ETL_toll_data.py
[2024-04-24 06:24:32,037] {processor.py:641} INFO - Processing file /home/project/airflow/dags/finalassignment/staging/ETL_toll_data.py for tasks to queue
[2024-04-24 06:24:32,037] {logging_mixin.py:115} INFO - [2024-04-24 06:24:32,037] {dagbag.py:508} INFO - Filling up the DagBag from /home/project/airflow/dags/finalassignment/staging/ETL_toll_data.py
[2024-04-24 06:24:32,049] {processor.py:651} INFO - DAG(s) dict_keys(['ETL_toll_data']) retrieved from /home/project/airflow/dags/finalassignment/staging/ETL_toll_data.py
[2024-04-24 06:24:32,091] {logging_mixin.py:115} INFO - [2024-04-24 06:24:32,090] {dag.py:2420} INFO - Sync 1 DAGs
[2024-04-24 06:24:32,123] {logging_mixin.py:115} INFO - [2024-04-24 06:24:32,123] {dag.py:2972} INFO - Setting next_dagrun for ETL_toll_data to 2024-04-24T00:00:00+00:00, run_after=2024-04-25T00:00:00+00:00
[2024-04-24 06:24:32,138] {processor.py:161} INFO - Processing /home/project/airflow/dags/finalassignment/staging/ETL_toll_data.py took 0.107 seconds
[2024-04-24 06:25:02,542] {processor.py:153} INFO - Started process (PID=4570) to work on /home/project/airflow/dags/finalassignment/staging/ETL_toll_data.py
[2024-04-24 06:25:02,543] {processor.py:641} INFO - Processing file /home/project/airflow/dags/finalassignment/staging/ETL_toll_data.py for tasks to queue
[2024-04-24 06:25:02,544] {logging_mixin.py:115} INFO - [2024-04-24 06:25:02,544] {dagbag.py:508} INFO - Filling up the DagBag from /home/project/airflow/dags/finalassignment/staging/ETL_toll_data.py
[2024-04-24 06:25:02,555] {processor.py:651} INFO - DAG(s) dict_keys(['ETL_toll_data']) retrieved from /home/project/airflow/dags/finalassignment/staging/ETL_toll_data.py
[2024-04-24 06:25:02,629] {logging_mixin.py:115} INFO - [2024-04-24 06:25:02,629] {dag.py:2420} INFO - Sync 1 DAGs
[2024-04-24 06:25:02,747] {logging_mixin.py:115} INFO - [2024-04-24 06:25:02,747] {dag.py:2972} INFO - Setting next_dagrun for ETL_toll_data to 2024-04-24T00:00:00+00:00, run_after=2024-04-25T00:00:00+00:00
[2024-04-24 06:25:02,784] {processor.py:161} INFO - Processing /home/project/airflow/dags/finalassignment/staging/ETL_toll_data.py took 0.247 seconds
[2024-04-24 06:25:33,000] {processor.py:153} INFO - Started process (PID=4632) to work on /home/project/airflow/dags/finalassignment/staging/ETL_toll_data.py
[2024-04-24 06:25:33,002] {processor.py:641} INFO - Processing file /home/project/airflow/dags/finalassignment/staging/ETL_toll_data.py for tasks to queue
[2024-04-24 06:25:33,003] {logging_mixin.py:115} INFO - [2024-04-24 06:25:33,003] {dagbag.py:508} INFO - Filling up the DagBag from /home/project/airflow/dags/finalassignment/staging/ETL_toll_data.py
[2024-04-24 06:25:33,013] {processor.py:651} INFO - DAG(s) dict_keys(['ETL_toll_data']) retrieved from /home/project/airflow/dags/finalassignment/staging/ETL_toll_data.py
[2024-04-24 06:25:33,056] {logging_mixin.py:115} INFO - [2024-04-24 06:25:33,056] {dag.py:2420} INFO - Sync 1 DAGs
[2024-04-24 06:25:33,092] {logging_mixin.py:115} INFO - [2024-04-24 06:25:33,092] {dag.py:2972} INFO - Setting next_dagrun for ETL_toll_data to 2024-04-24T00:00:00+00:00, run_after=2024-04-25T00:00:00+00:00
[2024-04-24 06:25:34,029] {processor.py:161} INFO - Processing /home/project/airflow/dags/finalassignment/staging/ETL_toll_data.py took 1.034 seconds
[2024-04-24 06:26:04,265] {processor.py:153} INFO - Started process (PID=4685) to work on /home/project/airflow/dags/finalassignment/staging/ETL_toll_data.py
[2024-04-24 06:26:04,266] {processor.py:641} INFO - Processing file /home/project/airflow/dags/finalassignment/staging/ETL_toll_data.py for tasks to queue
[2024-04-24 06:26:04,267] {logging_mixin.py:115} INFO - [2024-04-24 06:26:04,267] {dagbag.py:508} INFO - Filling up the DagBag from /home/project/airflow/dags/finalassignment/staging/ETL_toll_data.py
[2024-04-24 06:26:04,276] {processor.py:651} INFO - DAG(s) dict_keys(['ETL_toll_data']) retrieved from /home/project/airflow/dags/finalassignment/staging/ETL_toll_data.py
[2024-04-24 06:26:04,327] {logging_mixin.py:115} INFO - [2024-04-24 06:26:04,327] {dag.py:2420} INFO - Sync 1 DAGs
[2024-04-24 06:26:04,367] {logging_mixin.py:115} INFO - [2024-04-24 06:26:04,367] {dag.py:2972} INFO - Setting next_dagrun for ETL_toll_data to 2024-04-24T00:00:00+00:00, run_after=2024-04-25T00:00:00+00:00
[2024-04-24 06:26:04,384] {processor.py:161} INFO - Processing /home/project/airflow/dags/finalassignment/staging/ETL_toll_data.py took 0.124 seconds
[2024-04-24 06:26:34,599] {processor.py:153} INFO - Started process (PID=4738) to work on /home/project/airflow/dags/finalassignment/staging/ETL_toll_data.py
[2024-04-24 06:26:34,600] {processor.py:641} INFO - Processing file /home/project/airflow/dags/finalassignment/staging/ETL_toll_data.py for tasks to queue
[2024-04-24 06:26:34,600] {logging_mixin.py:115} INFO - [2024-04-24 06:26:34,600] {dagbag.py:508} INFO - Filling up the DagBag from /home/project/airflow/dags/finalassignment/staging/ETL_toll_data.py
[2024-04-24 06:26:34,610] {processor.py:651} INFO - DAG(s) dict_keys(['ETL_toll_data']) retrieved from /home/project/airflow/dags/finalassignment/staging/ETL_toll_data.py
[2024-04-24 06:26:34,653] {logging_mixin.py:115} INFO - [2024-04-24 06:26:34,653] {dag.py:2420} INFO - Sync 1 DAGs
[2024-04-24 06:26:34,696] {logging_mixin.py:115} INFO - [2024-04-24 06:26:34,696] {dag.py:2972} INFO - Setting next_dagrun for ETL_toll_data to 2024-04-24T00:00:00+00:00, run_after=2024-04-25T00:00:00+00:00
[2024-04-24 06:26:34,727] {processor.py:161} INFO - Processing /home/project/airflow/dags/finalassignment/staging/ETL_toll_data.py took 0.134 seconds
[2024-04-24 06:27:04,832] {processor.py:153} INFO - Started process (PID=4791) to work on /home/project/airflow/dags/finalassignment/staging/ETL_toll_data.py
[2024-04-24 06:27:04,833] {processor.py:641} INFO - Processing file /home/project/airflow/dags/finalassignment/staging/ETL_toll_data.py for tasks to queue
[2024-04-24 06:27:04,833] {logging_mixin.py:115} INFO - [2024-04-24 06:27:04,833] {dagbag.py:508} INFO - Filling up the DagBag from /home/project/airflow/dags/finalassignment/staging/ETL_toll_data.py
[2024-04-24 06:27:04,842] {processor.py:651} INFO - DAG(s) dict_keys(['ETL_toll_data']) retrieved from /home/project/airflow/dags/finalassignment/staging/ETL_toll_data.py
[2024-04-24 06:27:04,887] {logging_mixin.py:115} INFO - [2024-04-24 06:27:04,887] {dag.py:2420} INFO - Sync 1 DAGs
[2024-04-24 06:27:04,925] {logging_mixin.py:115} INFO - [2024-04-24 06:27:04,924] {dag.py:2972} INFO - Setting next_dagrun for ETL_toll_data to 2024-04-24T00:00:00+00:00, run_after=2024-04-25T00:00:00+00:00
[2024-04-24 06:27:04,945] {processor.py:161} INFO - Processing /home/project/airflow/dags/finalassignment/staging/ETL_toll_data.py took 0.117 seconds
[2024-04-24 06:27:35,396] {processor.py:153} INFO - Started process (PID=4853) to work on /home/project/airflow/dags/finalassignment/staging/ETL_toll_data.py
[2024-04-24 06:27:35,397] {processor.py:641} INFO - Processing file /home/project/airflow/dags/finalassignment/staging/ETL_toll_data.py for tasks to queue
[2024-04-24 06:27:35,398] {logging_mixin.py:115} INFO - [2024-04-24 06:27:35,397] {dagbag.py:508} INFO - Filling up the DagBag from /home/project/airflow/dags/finalassignment/staging/ETL_toll_data.py
[2024-04-24 06:27:35,407] {processor.py:651} INFO - DAG(s) dict_keys(['ETL_toll_data']) retrieved from /home/project/airflow/dags/finalassignment/staging/ETL_toll_data.py
[2024-04-24 06:27:35,452] {logging_mixin.py:115} INFO - [2024-04-24 06:27:35,452] {dag.py:2420} INFO - Sync 1 DAGs
[2024-04-24 06:27:35,484] {logging_mixin.py:115} INFO - [2024-04-24 06:27:35,484] {dag.py:2972} INFO - Setting next_dagrun for ETL_toll_data to 2024-04-24T00:00:00+00:00, run_after=2024-04-25T00:00:00+00:00
[2024-04-24 06:27:35,499] {processor.py:161} INFO - Processing /home/project/airflow/dags/finalassignment/staging/ETL_toll_data.py took 0.108 seconds
[2024-04-24 06:28:06,316] {processor.py:153} INFO - Started process (PID=4915) to work on /home/project/airflow/dags/finalassignment/staging/ETL_toll_data.py
[2024-04-24 06:28:06,317] {processor.py:641} INFO - Processing file /home/project/airflow/dags/finalassignment/staging/ETL_toll_data.py for tasks to queue
[2024-04-24 06:28:06,318] {logging_mixin.py:115} INFO - [2024-04-24 06:28:06,318] {dagbag.py:508} INFO - Filling up the DagBag from /home/project/airflow/dags/finalassignment/staging/ETL_toll_data.py
[2024-04-24 06:28:06,327] {processor.py:651} INFO - DAG(s) dict_keys(['ETL_toll_data']) retrieved from /home/project/airflow/dags/finalassignment/staging/ETL_toll_data.py
[2024-04-24 06:28:06,392] {logging_mixin.py:115} INFO - [2024-04-24 06:28:06,392] {dag.py:2420} INFO - Sync 1 DAGs
[2024-04-24 06:28:06,469] {logging_mixin.py:115} INFO - [2024-04-24 06:28:06,469] {dag.py:2972} INFO - Setting next_dagrun for ETL_toll_data to 2024-04-24T00:00:00+00:00, run_after=2024-04-25T00:00:00+00:00
[2024-04-24 06:28:06,528] {processor.py:161} INFO - Processing /home/project/airflow/dags/finalassignment/staging/ETL_toll_data.py took 0.217 seconds
[2024-04-24 06:28:36,737] {processor.py:153} INFO - Started process (PID=4968) to work on /home/project/airflow/dags/finalassignment/staging/ETL_toll_data.py
[2024-04-24 06:28:36,738] {processor.py:641} INFO - Processing file /home/project/airflow/dags/finalassignment/staging/ETL_toll_data.py for tasks to queue
[2024-04-24 06:28:36,739] {logging_mixin.py:115} INFO - [2024-04-24 06:28:36,739] {dagbag.py:508} INFO - Filling up the DagBag from /home/project/airflow/dags/finalassignment/staging/ETL_toll_data.py
[2024-04-24 06:28:36,750] {processor.py:651} INFO - DAG(s) dict_keys(['ETL_toll_data']) retrieved from /home/project/airflow/dags/finalassignment/staging/ETL_toll_data.py
[2024-04-24 06:28:36,834] {logging_mixin.py:115} INFO - [2024-04-24 06:28:36,833] {dag.py:2420} INFO - Sync 1 DAGs
[2024-04-24 06:28:36,891] {logging_mixin.py:115} INFO - [2024-04-24 06:28:36,891] {dag.py:2972} INFO - Setting next_dagrun for ETL_toll_data to 2024-04-24T00:00:00+00:00, run_after=2024-04-25T00:00:00+00:00
[2024-04-24 06:28:36,914] {processor.py:161} INFO - Processing /home/project/airflow/dags/finalassignment/staging/ETL_toll_data.py took 0.181 seconds
[2024-04-24 06:29:07,132] {processor.py:153} INFO - Started process (PID=5030) to work on /home/project/airflow/dags/finalassignment/staging/ETL_toll_data.py
[2024-04-24 06:29:07,132] {processor.py:641} INFO - Processing file /home/project/airflow/dags/finalassignment/staging/ETL_toll_data.py for tasks to queue
[2024-04-24 06:29:07,133] {logging_mixin.py:115} INFO - [2024-04-24 06:29:07,133] {dagbag.py:508} INFO - Filling up the DagBag from /home/project/airflow/dags/finalassignment/staging/ETL_toll_data.py
[2024-04-24 06:29:07,151] {processor.py:651} INFO - DAG(s) dict_keys(['ETL_toll_data']) retrieved from /home/project/airflow/dags/finalassignment/staging/ETL_toll_data.py
[2024-04-24 06:29:07,233] {logging_mixin.py:115} INFO - [2024-04-24 06:29:07,233] {dag.py:2420} INFO - Sync 1 DAGs
[2024-04-24 06:29:07,304] {logging_mixin.py:115} INFO - [2024-04-24 06:29:07,304] {dag.py:2972} INFO - Setting next_dagrun for ETL_toll_data to 2024-04-24T00:00:00+00:00, run_after=2024-04-25T00:00:00+00:00
[2024-04-24 06:29:07,349] {processor.py:161} INFO - Processing /home/project/airflow/dags/finalassignment/staging/ETL_toll_data.py took 0.224 seconds
[2024-04-24 06:29:37,449] {processor.py:153} INFO - Started process (PID=5083) to work on /home/project/airflow/dags/finalassignment/staging/ETL_toll_data.py
[2024-04-24 06:29:37,450] {processor.py:641} INFO - Processing file /home/project/airflow/dags/finalassignment/staging/ETL_toll_data.py for tasks to queue
[2024-04-24 06:29:37,451] {logging_mixin.py:115} INFO - [2024-04-24 06:29:37,451] {dagbag.py:508} INFO - Filling up the DagBag from /home/project/airflow/dags/finalassignment/staging/ETL_toll_data.py
[2024-04-24 06:29:37,462] {processor.py:651} INFO - DAG(s) dict_keys(['ETL_toll_data']) retrieved from /home/project/airflow/dags/finalassignment/staging/ETL_toll_data.py
[2024-04-24 06:29:37,519] {logging_mixin.py:115} INFO - [2024-04-24 06:29:37,519] {dag.py:2420} INFO - Sync 1 DAGs
[2024-04-24 06:29:37,552] {logging_mixin.py:115} INFO - [2024-04-24 06:29:37,552] {dag.py:2972} INFO - Setting next_dagrun for ETL_toll_data to 2024-04-24T00:00:00+00:00, run_after=2024-04-25T00:00:00+00:00
[2024-04-24 06:29:37,579] {processor.py:161} INFO - Processing /home/project/airflow/dags/finalassignment/staging/ETL_toll_data.py took 0.136 seconds
